2018-09-14 11:01:36 INFO [WebLogAspect.java:38] - ************************请求开始*******************************
2018-09-14 11:01:36 INFO [WebLogAspect.java:40] - 请求地址 : http://localhost:13200/getActiveDevice
2018-09-14 11:01:36 INFO [WebLogAspect.java:42] - 请求方法 : GET
2018-09-14 11:01:36 INFO [WebLogAspect.java:44] - IP : 0:0:0:0:0:0:0:1
2018-09-14 11:01:36 INFO [WebLogAspect.java:56] - ************************请求结束*******************************
2018-09-14 11:01:57 INFO [WebLogAspect.java:38] - ************************请求开始*******************************
2018-09-14 11:01:57 INFO [WebLogAspect.java:40] - 请求地址 : http://localhost:13200/getActiveDevice
2018-09-14 11:01:57 INFO [WebLogAspect.java:42] - 请求方法 : GET
2018-09-14 11:01:57 INFO [WebLogAspect.java:44] - IP : 0:0:0:0:0:0:0:1
2018-09-14 11:01:57 INFO [WebLogAspect.java:48] - 参数:time,值:20
2018-09-14 11:01:57 INFO [WebLogAspect.java:56] - ************************请求结束*******************************
2018-09-14 11:02:04 INFO [WebLogAspect.java:38] - ************************请求开始*******************************
2018-09-14 11:02:04 INFO [WebLogAspect.java:40] - 请求地址 : http://localhost:13200/getActiveDevice
2018-09-14 11:02:04 INFO [WebLogAspect.java:42] - 请求方法 : GET
2018-09-14 11:02:04 INFO [WebLogAspect.java:44] - IP : 0:0:0:0:0:0:0:1
2018-09-14 11:02:04 INFO [WebLogAspect.java:48] - 参数:time,值:16
2018-09-14 11:02:04 INFO [WebLogAspect.java:56] - ************************请求结束*******************************
2018-09-14 11:02:09 INFO [WebLogAspect.java:38] - ************************请求开始*******************************
2018-09-14 11:02:09 INFO [WebLogAspect.java:40] - 请求地址 : http://localhost:13200/getActiveDevice
2018-09-14 11:02:09 INFO [WebLogAspect.java:42] - 请求方法 : GET
2018-09-14 11:02:09 INFO [WebLogAspect.java:44] - IP : 0:0:0:0:0:0:0:1
2018-09-14 11:02:09 INFO [WebLogAspect.java:48] - 参数:time,值:14
2018-09-14 11:02:09 INFO [WebLogAspect.java:56] - ************************请求结束*******************************
2018-09-14 11:10:18 INFO [WebLogAspect.java:38] - ************************请求开始*******************************
2018-09-14 11:10:18 INFO [WebLogAspect.java:40] - 请求地址 : http://localhost:13200/findOpenidByDay
2018-09-14 11:10:18 INFO [WebLogAspect.java:42] - 请求方法 : GET
2018-09-14 11:10:18 INFO [WebLogAspect.java:44] - IP : 0:0:0:0:0:0:0:1
2018-09-14 11:10:18 INFO [WebLogAspect.java:56] - ************************请求结束*******************************
