2018-09-03 16:00:22 INFO [RedisConfig.java:66] - ------JedisPool注入成功！------
2018-09-03 16:00:22 INFO [RedisConfig.java:67] - ------redis地址:127.0.0.1:6379------
2018-09-03 16:00:33 INFO [RedisConfig.java:66] - ------JedisPool注入成功！------
2018-09-03 16:00:33 INFO [RedisConfig.java:67] - ------redis地址:127.0.0.1:6379------
2018-09-03 16:00:37 INFO [WebLogAspect.java:38] - ************************请求开始*******************************
2018-09-03 16:00:37 INFO [WebLogAspect.java:40] - 请求地址 : http://localhost:13200/monthlyStatistics
2018-09-03 16:00:37 INFO [WebLogAspect.java:42] - 请求方法 : GET
2018-09-03 16:00:37 INFO [WebLogAspect.java:44] - IP : 0:0:0:0:0:0:0:1
2018-09-03 16:00:37 INFO [WebLogAspect.java:56] - ************************请求结束*******************************
2018-09-03 16:08:26 INFO [WebLogAspect.java:38] - ************************请求开始*******************************
2018-09-03 16:08:26 INFO [WebLogAspect.java:40] - 请求地址 : http://localhost:13200/getData
2018-09-03 16:08:26 INFO [WebLogAspect.java:42] - 请求方法 : GET
2018-09-03 16:08:26 INFO [WebLogAspect.java:44] - IP : 0:0:0:0:0:0:0:1
2018-09-03 16:08:26 INFO [QperationController.java:66] - ------从redis中读取数据！------
2018-09-03 16:08:27 INFO [QperationController.java:76] - 总耗时：856
2018-09-03 16:08:27 INFO [WebLogAspect.java:56] - ************************请求结束*******************************
2018-09-03 16:08:56 INFO [RedisConfig.java:66] - ------JedisPool注入成功！------
2018-09-03 16:08:56 INFO [RedisConfig.java:67] - ------redis地址:127.0.0.1:6379------
2018-09-03 16:09:02 INFO [WebLogAspect.java:38] - ************************请求开始*******************************
2018-09-03 16:09:02 INFO [WebLogAspect.java:40] - 请求地址 : http://localhost:13200/getInterfaceData
2018-09-03 16:09:02 INFO [WebLogAspect.java:42] - 请求方法 : GET
2018-09-03 16:09:02 INFO [WebLogAspect.java:44] - IP : 0:0:0:0:0:0:0:1
2018-09-03 16:09:02 INFO [QperationController.java:66] - ------从redis中读取数据！------
2018-09-03 16:09:02 INFO [QperationController.java:76] - 总耗时：150
2018-09-03 16:09:02 INFO [WebLogAspect.java:56] - ************************请求结束*******************************
2018-09-03 16:11:57 INFO [WebLogAspect.java:38] - ************************请求开始*******************************
2018-09-03 16:11:57 INFO [WebLogAspect.java:40] - 请求地址 : http://localhost:13200/getInterfaceData
2018-09-03 16:11:57 INFO [WebLogAspect.java:42] - 请求方法 : GET
2018-09-03 16:11:57 INFO [WebLogAspect.java:44] - IP : 0:0:0:0:0:0:0:1
2018-09-03 16:11:57 INFO [QperationController.java:66] - ------从redis中读取数据！------
2018-09-03 16:11:57 INFO [HttpClientUtils.java:130] - com.alibaba.fastjson.JSONException: not close json text, token : :
2018-09-03 16:11:57 INFO [QperationController.java:76] - 总耗时：89
2018-09-03 16:11:57 INFO [WebLogAspect.java:56] - ************************请求结束*******************************
2018-09-03 16:12:54 INFO [WebLogAspect.java:38] - ************************请求开始*******************************
2018-09-03 16:12:54 INFO [WebLogAspect.java:40] - 请求地址 : http://localhost:13200/getInterfaceData
2018-09-03 16:12:54 INFO [WebLogAspect.java:42] - 请求方法 : GET
2018-09-03 16:12:54 INFO [WebLogAspect.java:44] - IP : 0:0:0:0:0:0:0:1
2018-09-03 16:12:54 INFO [QperationController.java:66] - ------从redis中读取数据！------
2018-09-03 16:12:54 INFO [QperationController.java:76] - 总耗时：127
2018-09-03 16:12:54 INFO [WebLogAspect.java:56] - ************************请求结束*******************************
2018-09-03 16:17:49 INFO [RedisConfig.java:66] - ------JedisPool注入成功！------
2018-09-03 16:17:49 INFO [RedisConfig.java:67] - ------redis地址:127.0.0.1:6379------
2018-09-03 16:22:39 INFO [RedisConfig.java:66] - ------JedisPool注入成功！------
2018-09-03 16:22:39 INFO [RedisConfig.java:67] - ------redis地址:127.0.0.1:6379------
2018-09-03 16:23:59 INFO [RedisConfig.java:66] - ------JedisPool注入成功！------
2018-09-03 16:23:59 INFO [RedisConfig.java:67] - ------redis地址:127.0.0.1:6379------
2018-09-03 16:26:25 INFO [RedisConfig.java:66] - ------JedisPool注入成功！------
2018-09-03 16:26:25 INFO [RedisConfig.java:67] - ------redis地址:127.0.0.1:6379------
2018-09-03 16:27:19 INFO [RedisConfig.java:66] - ------JedisPool注入成功！------
2018-09-03 16:27:19 INFO [RedisConfig.java:67] - ------redis地址:127.0.0.1:6379------
2018-09-03 16:30:47 INFO [WebLogAspect.java:38] - ************************请求开始*******************************
2018-09-03 16:30:47 INFO [WebLogAspect.java:40] - 请求地址 : http://localhost:13200/addInter
2018-09-03 16:30:47 INFO [WebLogAspect.java:42] - 请求方法 : POST
2018-09-03 16:30:47 INFO [WebLogAspect.java:44] - IP : 0:0:0:0:0:0:0:1
2018-09-03 16:30:47 INFO [WebLogAspect.java:56] - ************************请求结束*******************************
2018-09-03 16:31:13 INFO [WebLogAspect.java:38] - ************************请求开始*******************************
2018-09-03 16:31:13 INFO [WebLogAspect.java:40] - 请求地址 : http://localhost:13200/getInterfaceData
2018-09-03 16:31:13 INFO [WebLogAspect.java:42] - 请求方法 : GET
2018-09-03 16:31:13 INFO [WebLogAspect.java:44] - IP : 0:0:0:0:0:0:0:1
2018-09-03 16:31:13 INFO [OperationController.java:68] - ------从redis中读取数据！------
2018-09-03 16:31:14 INFO [OperationController.java:78] - 总耗时：204
2018-09-03 16:31:14 INFO [WebLogAspect.java:56] - ************************请求结束*******************************
2018-09-03 16:34:20 INFO [RedisConfig.java:66] - ------JedisPool注入成功！------
2018-09-03 16:34:20 INFO [RedisConfig.java:67] - ------redis地址:127.0.0.1:6379------
2018-09-03 16:34:26 INFO [WebLogAspect.java:38] - ************************请求开始*******************************
2018-09-03 16:34:26 INFO [WebLogAspect.java:40] - 请求地址 : http://localhost:13200/getInterfaceData
2018-09-03 16:34:26 INFO [WebLogAspect.java:42] - 请求方法 : GET
2018-09-03 16:34:26 INFO [WebLogAspect.java:44] - IP : 0:0:0:0:0:0:0:1
2018-09-03 16:34:26 INFO [OperationController.java:68] - ------从redis中读取数据！------
2018-09-03 16:34:26 INFO [OperationController.java:78] - 总耗时：144
2018-09-03 16:34:26 INFO [WebLogAspect.java:56] - ************************请求结束*******************************
2018-09-03 16:34:44 INFO [WebLogAspect.java:38] - ************************请求开始*******************************
2018-09-03 16:34:44 INFO [WebLogAspect.java:40] - 请求地址 : http://localhost:13200/addInter
2018-09-03 16:34:44 INFO [WebLogAspect.java:42] - 请求方法 : POST
2018-09-03 16:34:44 INFO [WebLogAspect.java:44] - IP : 0:0:0:0:0:0:0:1
2018-09-03 16:34:44 INFO [HttpClientUtils.java:86] - org.apache.http.client.ClientProtocolException: URI does not specify a valid host name: http:www.baidu.com
2018-09-03 16:35:02 INFO [RedisConfig.java:66] - ------JedisPool注入成功！------
2018-09-03 16:35:02 INFO [RedisConfig.java:67] - ------redis地址:127.0.0.1:6379------
2018-09-03 16:35:05 INFO [WebLogAspect.java:38] - ************************请求开始*******************************
2018-09-03 16:35:05 INFO [WebLogAspect.java:40] - 请求地址 : http://localhost:13200/addInter
2018-09-03 16:35:05 INFO [WebLogAspect.java:42] - 请求方法 : POST
2018-09-03 16:35:05 INFO [WebLogAspect.java:44] - IP : 0:0:0:0:0:0:0:1
2018-09-03 16:35:05 INFO [WebLogAspect.java:56] - ************************请求结束*******************************
2018-09-03 16:41:50 INFO [WebLogAspect.java:38] - ************************请求开始*******************************
2018-09-03 16:41:50 INFO [WebLogAspect.java:40] - 请求地址 : http://localhost:13200/addInter
2018-09-03 16:41:50 INFO [WebLogAspect.java:42] - 请求方法 : POST
2018-09-03 16:41:50 INFO [WebLogAspect.java:44] - IP : 0:0:0:0:0:0:0:1
2018-09-03 16:41:50 INFO [WebLogAspect.java:56] - ************************请求结束*******************************
2018-09-03 16:48:34 INFO [RedisConfig.java:66] - ------JedisPool注入成功！------
2018-09-03 16:48:34 INFO [RedisConfig.java:67] - ------redis地址:127.0.0.1:6379------
2018-09-03 16:48:45 INFO [WebLogAspect.java:38] - ************************请求开始*******************************
2018-09-03 16:48:45 INFO [WebLogAspect.java:40] - 请求地址 : http://localhost:13200/addInter
2018-09-03 16:48:45 INFO [WebLogAspect.java:42] - 请求方法 : POST
2018-09-03 16:48:45 INFO [WebLogAspect.java:44] - IP : 0:0:0:0:0:0:0:1
2018-09-03 16:48:45 INFO [WebLogAspect.java:56] - ************************请求结束*******************************
