2018-09-13 17:27:35 INFO [WebLogAspect.java:38] - ************************请求开始*******************************
2018-09-13 17:27:35 INFO [WebLogAspect.java:40] - 请求地址 : http://localhost:13200/getOnlineDevice/1/1
2018-09-13 17:27:35 INFO [WebLogAspect.java:42] - 请求方法 : GET
2018-09-13 17:27:35 INFO [WebLogAspect.java:44] - IP : 0:0:0:0:0:0:0:1
2018-09-13 17:28:22 INFO [WebLogAspect.java:56] - ************************请求结束*******************************
2018-09-13 17:30:36 INFO [WebLogAspect.java:38] - ************************请求开始*******************************
2018-09-13 17:30:36 INFO [WebLogAspect.java:40] - 请求地址 : http://localhost:13200/getOnlineDevice
2018-09-13 17:30:36 INFO [WebLogAspect.java:42] - 请求方法 : GET
2018-09-13 17:30:36 INFO [WebLogAspect.java:44] - IP : 0:0:0:0:0:0:0:1
2018-09-13 17:30:37 INFO [WebLogAspect.java:56] - ************************请求结束*******************************
2018-09-13 17:30:59 INFO [WebLogAspect.java:38] - ************************请求开始*******************************
2018-09-13 17:30:59 INFO [WebLogAspect.java:40] - 请求地址 : http://localhost:13200/getOnlineDevice
2018-09-13 17:30:59 INFO [WebLogAspect.java:42] - 请求方法 : GET
2018-09-13 17:30:59 INFO [WebLogAspect.java:44] - IP : 0:0:0:0:0:0:0:1
2018-09-13 17:30:59 INFO [WebLogAspect.java:48] - 参数:pageSize,值:2
2018-09-13 17:30:59 INFO [WebLogAspect.java:56] - ************************请求结束*******************************
2018-09-13 17:31:10 INFO [WebLogAspect.java:38] - ************************请求开始*******************************
2018-09-13 17:31:10 INFO [WebLogAspect.java:40] - 请求地址 : http://localhost:13200/getOnlineDevice
2018-09-13 17:31:10 INFO [WebLogAspect.java:42] - 请求方法 : GET
2018-09-13 17:31:10 INFO [WebLogAspect.java:44] - IP : 0:0:0:0:0:0:0:1
2018-09-13 17:31:10 INFO [WebLogAspect.java:56] - ************************请求结束*******************************
2018-09-13 17:32:16 INFO [WebLogAspect.java:38] - ************************请求开始*******************************
2018-09-13 17:32:16 INFO [WebLogAspect.java:40] - 请求地址 : http://localhost:13200/getOnlineDevice
2018-09-13 17:32:16 INFO [WebLogAspect.java:42] - 请求方法 : GET
2018-09-13 17:32:16 INFO [WebLogAspect.java:44] - IP : 0:0:0:0:0:0:0:1
2018-09-13 17:32:16 INFO [WebLogAspect.java:48] - 参数:pageNum,值:2
2018-09-13 17:32:16 INFO [WebLogAspect.java:56] - ************************请求结束*******************************
