2018-09-11 16:29:06 INFO [RedisConfig.java:65] - ------JedisPool注入成功！------
2018-09-11 16:29:06 INFO [RedisConfig.java:66] - ------redis地址:172.16.16.9:6379------
2018-09-11 16:29:24 INFO [RedisConfig.java:65] - ------JedisPool注入成功！------
2018-09-11 16:29:24 INFO [RedisConfig.java:66] - ------redis地址:172.16.16.9:6379------
2018-09-11 16:30:07 INFO [WebLogAspect.java:38] - ************************请求开始*******************************
2018-09-11 16:30:07 INFO [WebLogAspect.java:40] - 请求地址 : http://localhost:13200/printWithEachMonth
2018-09-11 16:30:07 INFO [WebLogAspect.java:42] - 请求方法 : GET
2018-09-11 16:30:07 INFO [WebLogAspect.java:44] - IP : 0:0:0:0:0:0:0:1
2018-09-11 16:30:07 INFO [WebLogAspect.java:56] - ************************请求结束*******************************
2018-09-11 16:33:01 INFO [RedisConfig.java:65] - ------JedisPool注入成功！------
2018-09-11 16:33:01 INFO [RedisConfig.java:66] - ------redis地址:172.16.16.9:6379------
2018-09-11 16:33:29 INFO [WebLogAspect.java:38] - ************************请求开始*******************************
2018-09-11 16:33:29 INFO [WebLogAspect.java:40] - 请求地址 : http://localhost:13200/findOpenidByMonth
2018-09-11 16:33:29 INFO [WebLogAspect.java:42] - 请求方法 : GET
2018-09-11 16:33:29 INFO [WebLogAspect.java:44] - IP : 0:0:0:0:0:0:0:1
2018-09-11 16:33:29 INFO [WebLogAspect.java:56] - ************************请求结束*******************************
2018-09-11 16:33:45 INFO [WebLogAspect.java:38] - ************************请求开始*******************************
2018-09-11 16:33:45 INFO [WebLogAspect.java:40] - 请求地址 : http://localhost:13200/findOpenidByMonth
2018-09-11 16:33:45 INFO [WebLogAspect.java:42] - 请求方法 : GET
2018-09-11 16:33:45 INFO [WebLogAspect.java:44] - IP : 0:0:0:0:0:0:0:1
2018-09-11 16:33:45 INFO [WebLogAspect.java:56] - ************************请求结束*******************************
