2018-09-04 13:03:28 ERROR [ActiveStateServiceImpl.java:69] - ------请求失败！错误码：404------
2018-09-04 13:03:28 ERROR [ActiveStateServiceImpl.java:70] - ------失败原因------{"timestamp":1536037323237,"status":404,"error":"Not Found","message":"No message available","path":"/v1.0/device/statistics_online"}
2018-09-04 13:06:02 ERROR [ActiveStateServiceImpl.java:69] - ------请求失败！错误码：404------
2018-09-04 13:06:04 ERROR [ActiveStateServiceImpl.java:70] - ------失败原因------{"timestamp":1536037457074,"status":404,"error":"Not Found","message":"No message available","path":"/v1.0/device/statistics_online"}
2018-09-04 13:09:44 ERROR [ActiveStateServiceImpl.java:69] - ------请求失败！错误码：404------
2018-09-04 13:09:45 ERROR [ActiveStateServiceImpl.java:70] - ------失败原因------{"timestamp":1536037690971,"status":404,"error":"Not Found","message":"No message available","path":"/v1.0/device/statistics_online"}
2018-09-04 13:20:27 ERROR [ActiveStateServiceImpl.java:69] - ------请求失败！错误码：404------
2018-09-04 13:20:27 ERROR [ActiveStateServiceImpl.java:70] - ------失败原因------{"timestamp":1536038342559,"status":404,"error":"Not Found","message":"No message available","path":"/v1.0/device/statistics_online"}
2018-09-04 13:32:24 ERROR [ActiveStateServiceImpl.java:69] - ------请求失败！错误码：415------
2018-09-04 13:32:24 ERROR [ActiveStateServiceImpl.java:70] - ------失败原因------{"timestamp":1536039059825,"status":415,"error":"Unsupported Media Type","exception":"org.springframework.web.HttpMediaTypeNotSupportedException","message":"Content type 'text/plain;charset=ISO-8859-1' not supported","path":"/v1.0/device/statistics_online"}
2018-09-04 13:40:25 ERROR [ActiveStateServiceImpl.java:70] - ------请求失败！错误码：415------
2018-09-04 13:40:25 ERROR [ActiveStateServiceImpl.java:71] - ------失败原因------{"timestamp":1536039540696,"status":415,"error":"Unsupported Media Type","exception":"org.springframework.web.HttpMediaTypeNotSupportedException","message":"Content type 'text/plain;charset=ISO-8859-1' not supported","path":"/v1.0/device/statistics_online"}
2018-09-04 13:43:08 ERROR [ActiveStateServiceImpl.java:70] - ------请求失败！错误码：415------
2018-09-04 13:43:08 ERROR [ActiveStateServiceImpl.java:71] - ------失败原因------{"timestamp":1536039703581,"status":415,"error":"Unsupported Media Type","exception":"org.springframework.web.HttpMediaTypeNotSupportedException","message":"Content type 'text/plain;charset=ISO-8859-1' not supported","path":"/v1.0/device/statistics_online"}
2018-09-04 13:43:32 ERROR [ActiveStateServiceImpl.java:70] - ------请求失败！错误码：400------
2018-09-04 13:43:32 ERROR [ActiveStateServiceImpl.java:71] - ------失败原因------{"timestamp":1536039727660,"status":400,"error":"Bad Request","exception":"org.springframework.http.converter.HttpMessageNotReadableException","message":"JSON parse error: Unexpected character ('b' (code 98)): Expected space separating root-level values; nested exception is com.fasterxml.jackson.core.JsonParseException: Unexpected character ('b' (code 98)): Expected space separating root-level values\n at [Source: java.io.PushbackInputStream@567b8c22; line: 1, column: 3]","path":"/v1.0/device/statistics_online"}
2018-09-04 13:53:12 ERROR [ActiveStateServiceImpl.java:71] - ------请求失败！错误码：400------
2018-09-04 13:53:12 ERROR [ActiveStateServiceImpl.java:72] - ------失败原因------{"timestamp":1536040307470,"status":400,"error":"Bad Request","exception":"org.springframework.http.converter.HttpMessageNotReadableException","message":"JSON parse error: Unexpected character ('d' (code 100)): Expected space separating root-level values; nested exception is com.fasterxml.jackson.core.JsonParseException: Unexpected character ('d' (code 100)): Expected space separating root-level values\n at [Source: java.io.PushbackInputStream@bb20da3e; line: 1, column: 4]","path":"/v1.0/device/statistics_online"}
2018-09-04 13:57:34 ERROR [ActiveStateServiceImpl.java:72] - ------请求失败！错误码：415------
2018-09-04 13:57:34 ERROR [ActiveStateServiceImpl.java:73] - ------失败原因------{"timestamp":1536040570073,"status":415,"error":"Unsupported Media Type","exception":"org.springframework.web.HttpMediaTypeNotSupportedException","message":"Content type 'text/plain;charset=ISO-8859-1' not supported","path":"/v1.0/device/statistics_online"}
