2018-08-31 13:08:02 INFO [RedisConfig.java:66] - ------JedisPool注入成功！------
2018-08-31 13:08:02 INFO [RedisConfig.java:67] - ------redis地址:127.0.0.1:6379------
2018-08-31 13:08:22 INFO [WebLogAspect.java:38] - ************************请求开始*******************************
2018-08-31 13:08:22 INFO [WebLogAspect.java:40] - 请求地址 : http://localhost:13200/getPrintDate
2018-08-31 13:08:22 INFO [WebLogAspect.java:42] - 请求方法 : GET
2018-08-31 13:08:22 INFO [WebLogAspect.java:44] - IP : 0:0:0:0:0:0:0:1
2018-08-31 13:09:43 INFO [RedisConfig.java:66] - ------JedisPool注入成功！------
2018-08-31 13:09:43 INFO [RedisConfig.java:67] - ------redis地址:127.0.0.1:6379------
2018-08-31 13:10:06 INFO [RedisConfig.java:66] - ------JedisPool注入成功！------
2018-08-31 13:10:06 INFO [RedisConfig.java:67] - ------redis地址:127.0.0.1:6379------
2018-08-31 13:10:17 INFO [WebLogAspect.java:38] - ************************请求开始*******************************
2018-08-31 13:10:17 INFO [WebLogAspect.java:40] - 请求地址 : http://localhost:13200/getPrintDate
2018-08-31 13:10:17 INFO [WebLogAspect.java:42] - 请求方法 : GET
2018-08-31 13:10:17 INFO [WebLogAspect.java:44] - IP : 0:0:0:0:0:0:0:1
2018-08-31 13:28:00 INFO [RedisConfig.java:66] - ------JedisPool注入成功！------
2018-08-31 13:28:00 INFO [RedisConfig.java:67] - ------redis地址:127.0.0.1:6379------
2018-08-31 13:28:17 INFO [WebLogAspect.java:38] - ************************请求开始*******************************
2018-08-31 13:28:17 INFO [WebLogAspect.java:40] - 请求地址 : http://localhost:13200/getPrintDate
2018-08-31 13:28:17 INFO [WebLogAspect.java:42] - 请求方法 : GET
2018-08-31 13:28:17 INFO [WebLogAspect.java:44] - IP : 0:0:0:0:0:0:0:1
2018-08-31 13:44:09 INFO [RedisConfig.java:66] - ------JedisPool注入成功！------
2018-08-31 13:44:09 INFO [RedisConfig.java:67] - ------redis地址:127.0.0.1:6379------
2018-08-31 13:44:15 INFO [WebLogAspect.java:38] - ************************请求开始*******************************
2018-08-31 13:44:15 INFO [WebLogAspect.java:40] - 请求地址 : http://localhost:13200/getPrintDate
2018-08-31 13:44:15 INFO [WebLogAspect.java:42] - 请求方法 : GET
2018-08-31 13:44:15 INFO [WebLogAspect.java:44] - IP : 0:0:0:0:0:0:0:1
2018-08-31 13:44:15 INFO [WebLogAspect.java:56] - ************************请求结束*******************************
