2018-08-24 10:11:55 INFO [RedisConfig.java:50] - ------JedisPool注入成功！------
2018-08-24 10:11:55 INFO [RedisConfig.java:51] - ------redis地址:127.0.0.1:6379------
2018-08-24 10:14:56 INFO [RedisConfig.java:50] - ------JedisPool注入成功！------
2018-08-24 10:14:56 INFO [RedisConfig.java:51] - ------redis地址:127.0.0.1:6379------
2018-08-24 10:16:56 INFO [RedisConfig.java:50] - ------JedisPool注入成功！------
2018-08-24 10:16:56 INFO [RedisConfig.java:51] - ------redis地址:127.0.0.1:6379------
2018-08-24 10:17:00 INFO [UpdateRedisScheduled.java:44] - ------定时刷新成功！------
2018-08-24 10:17:00 INFO [UpdateRedisScheduled.java:44] - ------定时刷新成功！------
2018-08-24 10:18:00 INFO [UpdateRedisScheduled.java:44] - ------定时刷新成功！------
2018-08-24 10:18:00 INFO [UpdateRedisScheduled.java:44] - ------定时刷新成功！------
2018-08-24 10:21:32 INFO [RedisConfig.java:50] - ------JedisPool注入成功！------
2018-08-24 10:21:32 INFO [RedisConfig.java:51] - ------redis地址:127.0.0.1:6379------
2018-08-24 10:22:01 INFO [RedisConfig.java:50] - ------JedisPool注入成功！------
2018-08-24 10:22:01 INFO [RedisConfig.java:51] - ------redis地址:127.0.0.1:6379------
2018-08-24 10:23:00 INFO [UpdateRedisScheduled.java:44] - ------定时刷新成功！------
2018-08-24 10:30:11 INFO [RedisConfig.java:50] - ------JedisPool注入成功！------
2018-08-24 10:30:11 INFO [RedisConfig.java:51] - ------redis地址:127.0.0.1:6379------
2018-08-24 10:30:35 INFO [InterfaceController.java:49] - ------从mongodb中读取数据------
2018-08-24 10:30:35 INFO [MongoJoinPara.java:28] - ------接口地址------：https://test.dascomyun.cn/autoservice_user/v1.0/common/user/rainbow
2018-08-24 10:30:35 INFO [MongoJoinPara.java:36] - ------调用get请求----
2018-08-24 10:30:36 INFO [InterfaceController.java:54] - redis没有数据，从mongodb中导入
2018-08-24 10:30:36 INFO [MongoJoinPara.java:28] - ------接口地址------：https://test.dascomyun.cn/autoservice_user/v1.0/common/session
2018-08-24 10:30:36 INFO [MongoJoinPara.java:40] - ------调用post请求----
2018-08-24 10:30:36 INFO [MongoJoinPara.java:42] - ------请求参数------：{"user":"rainbow","pwd":"12345678"}
2018-08-24 10:30:36 INFO [InterfaceController.java:54] - redis没有数据，从mongodb中导入
2018-08-24 10:30:36 INFO [InterfaceController.java:57] - 存入redis成功
2018-08-24 10:30:36 INFO [InterfaceController.java:69] - 总耗时：954
2018-08-24 10:31:10 INFO [InterfaceController.java:59] - 从redis中读取数据！
2018-08-24 10:31:10 INFO [RedisJoinPara.java:25] - ------接口地址------：https://test.dascomyun.cn/autoservice_user/v1.0/common/session
2018-08-24 10:31:10 INFO [RedisJoinPara.java:32] - ------调用post请求----
2018-08-24 10:31:10 INFO [RedisJoinPara.java:34] - ------请求参数------：{"user":"rainbow","pwd":"12345678"}
2018-08-24 10:31:10 INFO [RedisJoinPara.java:25] - ------接口地址------：https://test.dascomyun.cn/autoservice_user/v1.0/common/user/rainbow
2018-08-24 10:31:10 INFO [RedisJoinPara.java:28] - ------调用get请求----
2018-08-24 10:31:10 INFO [InterfaceController.java:69] - 总耗时：166
2018-08-24 10:31:43 INFO [RedisConfig.java:50] - ------JedisPool注入成功！------
2018-08-24 10:31:43 INFO [RedisConfig.java:51] - ------redis地址:127.0.0.1:6379------
2018-08-24 10:31:48 INFO [InterfaceController.java:59] - ------从redis中读取数据！------
2018-08-24 10:31:48 INFO [RedisJoinPara.java:25] - ------接口地址------：https://test.dascomyun.cn/autoservice_user/v1.0/common/session
2018-08-24 10:31:48 INFO [RedisJoinPara.java:32] - ------调用post请求----
2018-08-24 10:31:48 INFO [RedisJoinPara.java:34] - ------请求参数------：{"user":"rainbow","pwd":"12345678"}
2018-08-24 10:31:48 INFO [RedisJoinPara.java:25] - ------接口地址------：https://test.dascomyun.cn/autoservice_user/v1.0/common/user/rainbow
2018-08-24 10:31:48 INFO [RedisJoinPara.java:28] - ------调用get请求----
2018-08-24 10:31:48 INFO [InterfaceController.java:69] - 总耗时：281
2018-08-24 10:36:15 INFO [RedisConfig.java:50] - ------JedisPool注入成功！------
2018-08-24 10:36:15 INFO [RedisConfig.java:51] - ------redis地址:127.0.0.1:6379------
2018-08-24 10:44:42 INFO [RedisConfig.java:50] - ------JedisPool注入成功！------
2018-08-24 10:44:42 INFO [RedisConfig.java:51] - ------redis地址:127.0.0.1:6379------
