2018-09-21 09:18:20 INFO [WebLogAspect.java:38] - ************************请求开始*******************************
2018-09-21 09:18:20 INFO [WebLogAspect.java:40] - 请求地址 : http://localhost:13200/getOnlineDevice
2018-09-21 09:18:20 INFO [WebLogAspect.java:42] - 请求方法 : GET
2018-09-21 09:18:20 INFO [WebLogAspect.java:44] - IP : 0:0:0:0:0:0:0:1
2018-09-21 09:18:20 INFO [WebLogAspect.java:48] - 参数:pageNum,值:0
2018-09-21 09:19:28 INFO [WebLogAspect.java:56] - ************************请求结束*******************************
2018-09-21 09:19:38 INFO [WebLogAspect.java:38] - ************************请求开始*******************************
2018-09-21 09:19:38 INFO [WebLogAspect.java:40] - 请求地址 : http://localhost:13200/getOnlineDevice
2018-09-21 09:19:38 INFO [WebLogAspect.java:42] - 请求方法 : GET
2018-09-21 09:19:38 INFO [WebLogAspect.java:44] - IP : 0:0:0:0:0:0:0:1
2018-09-21 09:19:38 INFO [WebLogAspect.java:48] - 参数:pageNum,值:1
2018-09-21 09:19:41 INFO [WebLogAspect.java:56] - ************************请求结束*******************************
2018-09-21 09:19:56 INFO [WebLogAspect.java:38] - ************************请求开始*******************************
2018-09-21 09:19:56 INFO [WebLogAspect.java:40] - 请求地址 : http://localhost:13200/getOnlineDevice
2018-09-21 09:19:56 INFO [WebLogAspect.java:42] - 请求方法 : GET
2018-09-21 09:19:56 INFO [WebLogAspect.java:44] - IP : 0:0:0:0:0:0:0:1
2018-09-21 09:19:56 INFO [WebLogAspect.java:48] - 参数:pageNum,值:0
2018-09-21 09:19:59 INFO [WebLogAspect.java:56] - ************************请求结束*******************************
2018-09-21 09:20:15 INFO [WebLogAspect.java:38] - ************************请求开始*******************************
2018-09-21 09:20:15 INFO [WebLogAspect.java:40] - 请求地址 : http://localhost:13200/getOnlineDevice
2018-09-21 09:20:15 INFO [WebLogAspect.java:42] - 请求方法 : GET
2018-09-21 09:20:15 INFO [WebLogAspect.java:44] - IP : 0:0:0:0:0:0:0:1
2018-09-21 09:20:15 INFO [WebLogAspect.java:48] - 参数:pageNum,值:2
2018-09-21 09:20:17 INFO [WebLogAspect.java:56] - ************************请求结束*******************************
2018-09-21 09:21:04 INFO [WebLogAspect.java:38] - ************************请求开始*******************************
2018-09-21 09:21:04 INFO [WebLogAspect.java:40] - 请求地址 : http://localhost:13200/getOnlineDevice
2018-09-21 09:21:04 INFO [WebLogAspect.java:42] - 请求方法 : GET
2018-09-21 09:21:04 INFO [WebLogAspect.java:44] - IP : 0:0:0:0:0:0:0:1
2018-09-21 09:21:04 INFO [WebLogAspect.java:48] - 参数:pageNum,值:0
2018-09-21 09:21:31 INFO [WebLogAspect.java:38] - ************************请求开始*******************************
2018-09-21 09:21:31 INFO [WebLogAspect.java:40] - 请求地址 : http://localhost:13200/getOnlineDevice
2018-09-21 09:21:31 INFO [WebLogAspect.java:42] - 请求方法 : GET
2018-09-21 09:21:31 INFO [WebLogAspect.java:44] - IP : 0:0:0:0:0:0:0:1
2018-09-21 09:21:31 INFO [WebLogAspect.java:48] - 参数:pageNum,值:0
2018-09-21 09:21:31 INFO [WebLogAspect.java:56] - ************************请求结束*******************************
2018-09-21 09:21:36 INFO [WebLogAspect.java:38] - ************************请求开始*******************************
2018-09-21 09:21:36 INFO [WebLogAspect.java:40] - 请求地址 : http://localhost:13200/getOnlineDevice
2018-09-21 09:21:36 INFO [WebLogAspect.java:42] - 请求方法 : GET
2018-09-21 09:21:36 INFO [WebLogAspect.java:44] - IP : 0:0:0:0:0:0:0:1
2018-09-21 09:21:36 INFO [WebLogAspect.java:48] - 参数:pageNum,值:1
2018-09-21 09:21:36 INFO [WebLogAspect.java:56] - ************************请求结束*******************************
2018-09-21 09:21:38 INFO [WebLogAspect.java:38] - ************************请求开始*******************************
2018-09-21 09:21:38 INFO [WebLogAspect.java:40] - 请求地址 : http://localhost:13200/getOnlineDevice
2018-09-21 09:21:38 INFO [WebLogAspect.java:42] - 请求方法 : GET
2018-09-21 09:21:38 INFO [WebLogAspect.java:44] - IP : 0:0:0:0:0:0:0:1
2018-09-21 09:21:38 INFO [WebLogAspect.java:48] - 参数:pageNum,值:0
2018-09-21 09:21:38 INFO [WebLogAspect.java:56] - ************************请求结束*******************************
2018-09-21 09:21:42 INFO [WebLogAspect.java:38] - ************************请求开始*******************************
2018-09-21 09:21:42 INFO [WebLogAspect.java:40] - 请求地址 : http://localhost:13200/getOnlineDevice
2018-09-21 09:21:42 INFO [WebLogAspect.java:42] - 请求方法 : GET
2018-09-21 09:21:42 INFO [WebLogAspect.java:44] - IP : 0:0:0:0:0:0:0:1
2018-09-21 09:21:42 INFO [WebLogAspect.java:48] - 参数:pageNum,值:1
2018-09-21 09:21:42 INFO [WebLogAspect.java:56] - ************************请求结束*******************************
2018-09-21 09:21:48 INFO [WebLogAspect.java:38] - ************************请求开始*******************************
2018-09-21 09:21:48 INFO [WebLogAspect.java:40] - 请求地址 : http://localhost:13200/getOnlineDevice
2018-09-21 09:21:48 INFO [WebLogAspect.java:42] - 请求方法 : GET
2018-09-21 09:21:48 INFO [WebLogAspect.java:44] - IP : 0:0:0:0:0:0:0:1
2018-09-21 09:21:48 INFO [WebLogAspect.java:48] - 参数:pageNum,值:2
2018-09-21 09:21:48 INFO [WebLogAspect.java:56] - ************************请求结束*******************************
2018-09-21 09:21:54 INFO [WebLogAspect.java:38] - ************************请求开始*******************************
2018-09-21 09:21:54 INFO [WebLogAspect.java:40] - 请求地址 : http://localhost:13200/getOnlineDevice
2018-09-21 09:21:54 INFO [WebLogAspect.java:42] - 请求方法 : GET
2018-09-21 09:21:54 INFO [WebLogAspect.java:44] - IP : 0:0:0:0:0:0:0:1
2018-09-21 09:21:54 INFO [WebLogAspect.java:48] - 参数:pageNum,值:3
2018-09-21 09:21:54 INFO [WebLogAspect.java:56] - ************************请求结束*******************************
2018-09-21 09:21:57 INFO [WebLogAspect.java:38] - ************************请求开始*******************************
2018-09-21 09:21:57 INFO [WebLogAspect.java:40] - 请求地址 : http://localhost:13200/getOnlineDevice
2018-09-21 09:21:57 INFO [WebLogAspect.java:42] - 请求方法 : GET
2018-09-21 09:21:57 INFO [WebLogAspect.java:44] - IP : 0:0:0:0:0:0:0:1
2018-09-21 09:21:57 INFO [WebLogAspect.java:48] - 参数:pageNum,值:4
2018-09-21 09:21:57 INFO [WebLogAspect.java:56] - ************************请求结束*******************************
2018-09-21 09:22:04 INFO [WebLogAspect.java:38] - ************************请求开始*******************************
2018-09-21 09:22:04 INFO [WebLogAspect.java:40] - 请求地址 : http://localhost:13200/getOnlineDevice
2018-09-21 09:22:04 INFO [WebLogAspect.java:42] - 请求方法 : GET
2018-09-21 09:22:04 INFO [WebLogAspect.java:44] - IP : 0:0:0:0:0:0:0:1
2018-09-21 09:22:04 INFO [WebLogAspect.java:48] - 参数:pageNum,值:0
2018-09-21 09:22:04 INFO [WebLogAspect.java:56] - ************************请求结束*******************************
2018-09-21 09:22:08 INFO [WebLogAspect.java:38] - ************************请求开始*******************************
2018-09-21 09:22:08 INFO [WebLogAspect.java:40] - 请求地址 : http://localhost:13200/getOnlineDevice
2018-09-21 09:22:08 INFO [WebLogAspect.java:42] - 请求方法 : GET
2018-09-21 09:22:08 INFO [WebLogAspect.java:44] - IP : 0:0:0:0:0:0:0:1
2018-09-21 09:22:08 INFO [WebLogAspect.java:48] - 参数:pageNum,值:0
2018-09-21 09:22:08 INFO [WebLogAspect.java:56] - ************************请求结束*******************************
2018-09-21 09:22:13 INFO [WebLogAspect.java:38] - ************************请求开始*******************************
2018-09-21 09:22:13 INFO [WebLogAspect.java:40] - 请求地址 : http://localhost:13200/getOnlineDevice
2018-09-21 09:22:13 INFO [WebLogAspect.java:42] - 请求方法 : GET
2018-09-21 09:22:13 INFO [WebLogAspect.java:44] - IP : 0:0:0:0:0:0:0:1
2018-09-21 09:22:13 INFO [WebLogAspect.java:48] - 参数:pageNum,值:1
2018-09-21 09:22:13 INFO [WebLogAspect.java:56] - ************************请求结束*******************************
2018-09-21 09:22:19 INFO [WebLogAspect.java:38] - ************************请求开始*******************************
2018-09-21 09:22:19 INFO [WebLogAspect.java:40] - 请求地址 : http://localhost:13200/getOnlineDevice
2018-09-21 09:22:19 INFO [WebLogAspect.java:42] - 请求方法 : GET
2018-09-21 09:22:19 INFO [WebLogAspect.java:44] - IP : 0:0:0:0:0:0:0:1
2018-09-21 09:22:19 INFO [WebLogAspect.java:48] - 参数:pageNum,值:2
2018-09-21 09:22:20 INFO [WebLogAspect.java:56] - ************************请求结束*******************************
2018-09-21 09:22:21 INFO [WebLogAspect.java:38] - ************************请求开始*******************************
2018-09-21 09:22:21 INFO [WebLogAspect.java:40] - 请求地址 : http://localhost:13200/getOnlineDevice
2018-09-21 09:22:21 INFO [WebLogAspect.java:42] - 请求方法 : GET
2018-09-21 09:22:21 INFO [WebLogAspect.java:44] - IP : 0:0:0:0:0:0:0:1
2018-09-21 09:22:21 INFO [WebLogAspect.java:48] - 参数:pageNum,值:3
2018-09-21 09:22:21 INFO [WebLogAspect.java:56] - ************************请求结束*******************************
2018-09-21 09:25:08 INFO [WebLogAspect.java:38] - ************************请求开始*******************************
2018-09-21 09:25:08 INFO [WebLogAspect.java:40] - 请求地址 : http://localhost:13200/getOnlineDevice
2018-09-21 09:25:08 INFO [WebLogAspect.java:42] - 请求方法 : GET
2018-09-21 09:25:08 INFO [WebLogAspect.java:44] - IP : 0:0:0:0:0:0:0:1
2018-09-21 09:25:08 INFO [WebLogAspect.java:48] - 参数:pageNum,值:0
2018-09-21 09:25:08 INFO [WebLogAspect.java:56] - ************************请求结束*******************************
2018-09-21 09:25:14 INFO [WebLogAspect.java:38] - ************************请求开始*******************************
2018-09-21 09:25:14 INFO [WebLogAspect.java:40] - 请求地址 : http://localhost:13200/getOnlineDevice
2018-09-21 09:25:14 INFO [WebLogAspect.java:42] - 请求方法 : GET
2018-09-21 09:25:14 INFO [WebLogAspect.java:44] - IP : 0:0:0:0:0:0:0:1
2018-09-21 09:25:14 INFO [WebLogAspect.java:48] - 参数:pageNum,值:0
2018-09-21 09:25:14 INFO [WebLogAspect.java:56] - ************************请求结束*******************************
2018-09-21 09:25:17 INFO [WebLogAspect.java:38] - ************************请求开始*******************************
2018-09-21 09:25:17 INFO [WebLogAspect.java:40] - 请求地址 : http://localhost:13200/getOnlineDevice
2018-09-21 09:25:17 INFO [WebLogAspect.java:42] - 请求方法 : GET
2018-09-21 09:25:17 INFO [WebLogAspect.java:44] - IP : 0:0:0:0:0:0:0:1
2018-09-21 09:25:17 INFO [WebLogAspect.java:48] - 参数:pageNum,值:1
2018-09-21 09:25:18 INFO [WebLogAspect.java:56] - ************************请求结束*******************************
2018-09-21 09:25:22 INFO [WebLogAspect.java:38] - ************************请求开始*******************************
2018-09-21 09:25:22 INFO [WebLogAspect.java:40] - 请求地址 : http://localhost:13200/getOnlineDevice
2018-09-21 09:25:22 INFO [WebLogAspect.java:42] - 请求方法 : GET
2018-09-21 09:25:22 INFO [WebLogAspect.java:44] - IP : 0:0:0:0:0:0:0:1
2018-09-21 09:25:22 INFO [WebLogAspect.java:48] - 参数:pageNum,值:0
2018-09-21 09:25:22 INFO [WebLogAspect.java:56] - ************************请求结束*******************************
2018-09-21 09:25:25 INFO [WebLogAspect.java:38] - ************************请求开始*******************************
2018-09-21 09:25:25 INFO [WebLogAspect.java:40] - 请求地址 : http://localhost:13200/getOnlineDevice
2018-09-21 09:25:25 INFO [WebLogAspect.java:42] - 请求方法 : GET
2018-09-21 09:25:25 INFO [WebLogAspect.java:44] - IP : 0:0:0:0:0:0:0:1
2018-09-21 09:25:25 INFO [WebLogAspect.java:48] - 参数:pageNum,值:1
2018-09-21 09:25:26 INFO [WebLogAspect.java:56] - ************************请求结束*******************************
2018-09-21 09:25:31 INFO [WebLogAspect.java:38] - ************************请求开始*******************************
2018-09-21 09:25:31 INFO [WebLogAspect.java:40] - 请求地址 : http://localhost:13200/getOnlineDevice
2018-09-21 09:25:31 INFO [WebLogAspect.java:42] - 请求方法 : GET
2018-09-21 09:25:31 INFO [WebLogAspect.java:44] - IP : 0:0:0:0:0:0:0:1
2018-09-21 09:25:31 INFO [WebLogAspect.java:48] - 参数:pageNum,值:0
2018-09-21 09:25:31 INFO [WebLogAspect.java:56] - ************************请求结束*******************************
2018-09-21 09:32:51 INFO [WebLogAspect.java:38] - ************************请求开始*******************************
2018-09-21 09:32:51 INFO [WebLogAspect.java:40] - 请求地址 : http://localhost:13200/getOnlineDevice
2018-09-21 09:32:51 INFO [WebLogAspect.java:42] - 请求方法 : GET
2018-09-21 09:32:51 INFO [WebLogAspect.java:44] - IP : 0:0:0:0:0:0:0:1
2018-09-21 09:32:51 INFO [WebLogAspect.java:48] - 参数:pageNum,值:0
2018-09-21 09:32:51 INFO [WebLogAspect.java:56] - ************************请求结束*******************************
2018-09-21 09:32:54 INFO [WebLogAspect.java:38] - ************************请求开始*******************************
2018-09-21 09:32:54 INFO [WebLogAspect.java:40] - 请求地址 : http://localhost:13200/getOnlineDevice
2018-09-21 09:32:54 INFO [WebLogAspect.java:42] - 请求方法 : GET
2018-09-21 09:32:54 INFO [WebLogAspect.java:44] - IP : 0:0:0:0:0:0:0:1
2018-09-21 09:32:54 INFO [WebLogAspect.java:48] - 参数:pageNum,值:1
2018-09-21 09:32:54 INFO [WebLogAspect.java:56] - ************************请求结束*******************************
2018-09-21 09:32:58 INFO [WebLogAspect.java:38] - ************************请求开始*******************************
2018-09-21 09:32:58 INFO [WebLogAspect.java:40] - 请求地址 : http://localhost:13200/getOnlineDevice
2018-09-21 09:32:58 INFO [WebLogAspect.java:42] - 请求方法 : GET
2018-09-21 09:32:58 INFO [WebLogAspect.java:44] - IP : 0:0:0:0:0:0:0:1
2018-09-21 09:32:58 INFO [WebLogAspect.java:48] - 参数:pageNum,值:0
2018-09-21 09:32:58 INFO [WebLogAspect.java:56] - ************************请求结束*******************************
2018-09-21 09:33:01 INFO [WebLogAspect.java:38] - ************************请求开始*******************************
2018-09-21 09:33:01 INFO [WebLogAspect.java:40] - 请求地址 : http://localhost:13200/getOnlineDevice
2018-09-21 09:33:01 INFO [WebLogAspect.java:42] - 请求方法 : GET
2018-09-21 09:33:01 INFO [WebLogAspect.java:44] - IP : 0:0:0:0:0:0:0:1
2018-09-21 09:33:01 INFO [WebLogAspect.java:48] - 参数:pageNum,值:0
2018-09-21 09:33:01 INFO [WebLogAspect.java:56] - ************************请求结束*******************************
2018-09-21 09:34:06 INFO [WebLogAspect.java:38] - ************************请求开始*******************************
2018-09-21 09:34:06 INFO [WebLogAspect.java:40] - 请求地址 : http://localhost:13200/getOnlineDevice
2018-09-21 09:34:06 INFO [WebLogAspect.java:42] - 请求方法 : GET
2018-09-21 09:34:06 INFO [WebLogAspect.java:44] - IP : 0:0:0:0:0:0:0:1
2018-09-21 09:34:06 INFO [WebLogAspect.java:48] - 参数:pageNum,值:0
2018-09-21 09:34:06 INFO [WebLogAspect.java:56] - ************************请求结束*******************************
2018-09-21 09:37:31 INFO [WebLogAspect.java:38] - ************************请求开始*******************************
2018-09-21 09:37:31 INFO [WebLogAspect.java:40] - 请求地址 : http://localhost:13200/getOnlineDevice
2018-09-21 09:37:31 INFO [WebLogAspect.java:42] - 请求方法 : GET
2018-09-21 09:37:31 INFO [WebLogAspect.java:44] - IP : 0:0:0:0:0:0:0:1
2018-09-21 09:37:31 INFO [WebLogAspect.java:48] - 参数:pageNum,值:0
2018-09-21 09:37:31 INFO [WebLogAspect.java:56] - ************************请求结束*******************************
2018-09-21 09:37:37 INFO [WebLogAspect.java:38] - ************************请求开始*******************************
2018-09-21 09:37:37 INFO [WebLogAspect.java:40] - 请求地址 : http://localhost:13200/getOnlineDevice
2018-09-21 09:37:37 INFO [WebLogAspect.java:42] - 请求方法 : GET
2018-09-21 09:37:37 INFO [WebLogAspect.java:44] - IP : 0:0:0:0:0:0:0:1
2018-09-21 09:37:37 INFO [WebLogAspect.java:48] - 参数:pageNum,值:1
2018-09-21 09:37:37 INFO [WebLogAspect.java:56] - ************************请求结束*******************************
2018-09-21 09:38:47 INFO [WebLogAspect.java:38] - ************************请求开始*******************************
2018-09-21 09:38:47 INFO [WebLogAspect.java:40] - 请求地址 : http://localhost:13200/getOnlineDevice
2018-09-21 09:38:47 INFO [WebLogAspect.java:42] - 请求方法 : GET
2018-09-21 09:38:47 INFO [WebLogAspect.java:44] - IP : 0:0:0:0:0:0:0:1
2018-09-21 09:38:47 INFO [WebLogAspect.java:48] - 参数:pageNum,值:0
2018-09-21 09:38:47 INFO [WebLogAspect.java:56] - ************************请求结束*******************************
2018-09-21 09:38:51 INFO [WebLogAspect.java:38] - ************************请求开始*******************************
2018-09-21 09:38:51 INFO [WebLogAspect.java:40] - 请求地址 : http://localhost:13200/getOnlineDevice
2018-09-21 09:38:51 INFO [WebLogAspect.java:42] - 请求方法 : GET
2018-09-21 09:38:51 INFO [WebLogAspect.java:44] - IP : 0:0:0:0:0:0:0:1
2018-09-21 09:38:51 INFO [WebLogAspect.java:48] - 参数:pageNum,值:1
2018-09-21 09:38:51 INFO [WebLogAspect.java:56] - ************************请求结束*******************************
2018-09-21 09:38:57 INFO [WebLogAspect.java:38] - ************************请求开始*******************************
2018-09-21 09:38:57 INFO [WebLogAspect.java:40] - 请求地址 : http://localhost:13200/getOnlineDevice
2018-09-21 09:38:57 INFO [WebLogAspect.java:42] - 请求方法 : GET
2018-09-21 09:38:57 INFO [WebLogAspect.java:44] - IP : 0:0:0:0:0:0:0:1
2018-09-21 09:38:57 INFO [WebLogAspect.java:48] - 参数:pageNum,值:2
2018-09-21 09:38:57 INFO [WebLogAspect.java:56] - ************************请求结束*******************************
2018-09-21 09:39:01 INFO [WebLogAspect.java:38] - ************************请求开始*******************************
2018-09-21 09:39:01 INFO [WebLogAspect.java:40] - 请求地址 : http://localhost:13200/getOnlineDevice
2018-09-21 09:39:01 INFO [WebLogAspect.java:42] - 请求方法 : GET
2018-09-21 09:39:01 INFO [WebLogAspect.java:44] - IP : 0:0:0:0:0:0:0:1
2018-09-21 09:39:01 INFO [WebLogAspect.java:48] - 参数:pageNum,值:3
2018-09-21 09:39:01 INFO [WebLogAspect.java:56] - ************************请求结束*******************************
2018-09-21 09:40:04 INFO [WebLogAspect.java:38] - ************************请求开始*******************************
2018-09-21 09:40:04 INFO [WebLogAspect.java:40] - 请求地址 : http://localhost:13200/getOnlineDevice
2018-09-21 09:40:04 INFO [WebLogAspect.java:42] - 请求方法 : GET
2018-09-21 09:40:04 INFO [WebLogAspect.java:44] - IP : 0:0:0:0:0:0:0:1
2018-09-21 09:40:04 INFO [WebLogAspect.java:48] - 参数:pageNum,值:0
2018-09-21 09:40:04 INFO [WebLogAspect.java:56] - ************************请求结束*******************************
2018-09-21 09:40:11 INFO [WebLogAspect.java:38] - ************************请求开始*******************************
2018-09-21 09:40:11 INFO [WebLogAspect.java:40] - 请求地址 : http://localhost:13200/getOnlineDevice
2018-09-21 09:40:11 INFO [WebLogAspect.java:42] - 请求方法 : GET
2018-09-21 09:40:11 INFO [WebLogAspect.java:44] - IP : 0:0:0:0:0:0:0:1
2018-09-21 09:40:11 INFO [WebLogAspect.java:48] - 参数:pageNum,值:1
2018-09-21 09:40:11 INFO [WebLogAspect.java:56] - ************************请求结束*******************************
2018-09-21 09:46:19 INFO [WebLogAspect.java:38] - ************************请求开始*******************************
2018-09-21 09:46:19 INFO [WebLogAspect.java:40] - 请求地址 : http://localhost:13200/getOnlineDevice
2018-09-21 09:46:19 INFO [WebLogAspect.java:42] - 请求方法 : GET
2018-09-21 09:46:19 INFO [WebLogAspect.java:44] - IP : 0:0:0:0:0:0:0:1
2018-09-21 09:46:19 INFO [WebLogAspect.java:48] - 参数:pageNum,值:0
2018-09-21 09:46:19 INFO [WebLogAspect.java:56] - ************************请求结束*******************************
2018-09-21 09:46:23 INFO [WebLogAspect.java:38] - ************************请求开始*******************************
2018-09-21 09:46:23 INFO [WebLogAspect.java:40] - 请求地址 : http://localhost:13200/getOnlineDevice
2018-09-21 09:46:23 INFO [WebLogAspect.java:42] - 请求方法 : GET
2018-09-21 09:46:23 INFO [WebLogAspect.java:44] - IP : 0:0:0:0:0:0:0:1
2018-09-21 09:46:23 INFO [WebLogAspect.java:48] - 参数:pageNum,值:1
2018-09-21 09:46:23 INFO [WebLogAspect.java:56] - ************************请求结束*******************************
2018-09-21 09:48:03 INFO [WebLogAspect.java:38] - ************************请求开始*******************************
2018-09-21 09:48:03 INFO [WebLogAspect.java:40] - 请求地址 : http://localhost:13200/getOnlineDevice
2018-09-21 09:48:03 INFO [WebLogAspect.java:42] - 请求方法 : GET
2018-09-21 09:48:03 INFO [WebLogAspect.java:44] - IP : 0:0:0:0:0:0:0:1
2018-09-21 09:48:03 INFO [WebLogAspect.java:48] - 参数:pageNum,值:0
2018-09-21 09:48:03 INFO [WebLogAspect.java:56] - ************************请求结束*******************************
2018-09-21 09:49:05 INFO [WebLogAspect.java:38] - ************************请求开始*******************************
2018-09-21 09:49:05 INFO [WebLogAspect.java:40] - 请求地址 : http://localhost:13200/getOnlineDevice
2018-09-21 09:49:05 INFO [WebLogAspect.java:42] - 请求方法 : GET
2018-09-21 09:49:05 INFO [WebLogAspect.java:44] - IP : 0:0:0:0:0:0:0:1
2018-09-21 09:49:05 INFO [WebLogAspect.java:48] - 参数:pageNum,值:0
2018-09-21 09:49:05 INFO [WebLogAspect.java:56] - ************************请求结束*******************************
2018-09-21 09:49:08 INFO [WebLogAspect.java:38] - ************************请求开始*******************************
2018-09-21 09:49:08 INFO [WebLogAspect.java:40] - 请求地址 : http://localhost:13200/getOnlineDevice
2018-09-21 09:49:08 INFO [WebLogAspect.java:42] - 请求方法 : GET
2018-09-21 09:49:08 INFO [WebLogAspect.java:44] - IP : 0:0:0:0:0:0:0:1
2018-09-21 09:49:08 INFO [WebLogAspect.java:48] - 参数:pageNum,值:1
2018-09-21 09:49:08 INFO [WebLogAspect.java:56] - ************************请求结束*******************************
2018-09-21 09:50:09 INFO [WebLogAspect.java:38] - ************************请求开始*******************************
2018-09-21 09:50:09 INFO [WebLogAspect.java:40] - 请求地址 : http://localhost:13200/getOnlineDevice
2018-09-21 09:50:09 INFO [WebLogAspect.java:42] - 请求方法 : GET
2018-09-21 09:50:09 INFO [WebLogAspect.java:44] - IP : 0:0:0:0:0:0:0:1
2018-09-21 09:50:09 INFO [WebLogAspect.java:48] - 参数:pageNum,值:0
2018-09-21 09:50:09 INFO [WebLogAspect.java:56] - ************************请求结束*******************************
2018-09-21 09:50:44 INFO [WebLogAspect.java:38] - ************************请求开始*******************************
2018-09-21 09:50:44 INFO [WebLogAspect.java:40] - 请求地址 : http://localhost:13200/getOnlineDevice
2018-09-21 09:50:44 INFO [WebLogAspect.java:42] - 请求方法 : GET
2018-09-21 09:50:44 INFO [WebLogAspect.java:44] - IP : 0:0:0:0:0:0:0:1
2018-09-21 09:50:44 INFO [WebLogAspect.java:48] - 参数:pageNum,值:0
2018-09-21 09:50:44 INFO [WebLogAspect.java:56] - ************************请求结束*******************************
2018-09-21 09:50:48 INFO [WebLogAspect.java:38] - ************************请求开始*******************************
2018-09-21 09:50:48 INFO [WebLogAspect.java:40] - 请求地址 : http://localhost:13200/getOnlineDevice
2018-09-21 09:50:48 INFO [WebLogAspect.java:42] - 请求方法 : GET
2018-09-21 09:50:48 INFO [WebLogAspect.java:44] - IP : 0:0:0:0:0:0:0:1
2018-09-21 09:50:48 INFO [WebLogAspect.java:48] - 参数:pageNum,值:0
2018-09-21 09:50:48 INFO [WebLogAspect.java:56] - ************************请求结束*******************************
2018-09-21 09:50:51 INFO [WebLogAspect.java:38] - ************************请求开始*******************************
2018-09-21 09:50:51 INFO [WebLogAspect.java:40] - 请求地址 : http://localhost:13200/getOnlineDevice
2018-09-21 09:50:51 INFO [WebLogAspect.java:42] - 请求方法 : GET
2018-09-21 09:50:51 INFO [WebLogAspect.java:44] - IP : 0:0:0:0:0:0:0:1
2018-09-21 09:50:51 INFO [WebLogAspect.java:48] - 参数:pageNum,值:0
2018-09-21 09:50:51 INFO [WebLogAspect.java:56] - ************************请求结束*******************************
2018-09-21 09:51:09 INFO [WebLogAspect.java:38] - ************************请求开始*******************************
2018-09-21 09:51:09 INFO [WebLogAspect.java:40] - 请求地址 : http://localhost:13200/getOnlineDevice
2018-09-21 09:51:09 INFO [WebLogAspect.java:42] - 请求方法 : GET
2018-09-21 09:51:09 INFO [WebLogAspect.java:44] - IP : 0:0:0:0:0:0:0:1
2018-09-21 09:51:09 INFO [WebLogAspect.java:48] - 参数:pageNum,值:0
2018-09-21 09:51:09 INFO [WebLogAspect.java:56] - ************************请求结束*******************************
2018-09-21 09:51:27 INFO [WebLogAspect.java:38] - ************************请求开始*******************************
2018-09-21 09:51:27 INFO [WebLogAspect.java:40] - 请求地址 : http://localhost:13200/getOnlineDevice
2018-09-21 09:51:27 INFO [WebLogAspect.java:42] - 请求方法 : GET
2018-09-21 09:51:27 INFO [WebLogAspect.java:44] - IP : 0:0:0:0:0:0:0:1
2018-09-21 09:51:27 INFO [WebLogAspect.java:48] - 参数:pageNum,值:0
2018-09-21 09:51:27 INFO [WebLogAspect.java:56] - ************************请求结束*******************************
2018-09-21 09:53:43 INFO [WebLogAspect.java:38] - ************************请求开始*******************************
2018-09-21 09:53:43 INFO [WebLogAspect.java:40] - 请求地址 : http://localhost:13200/getOnlineDevice
2018-09-21 09:53:43 INFO [WebLogAspect.java:42] - 请求方法 : GET
2018-09-21 09:53:43 INFO [WebLogAspect.java:44] - IP : 0:0:0:0:0:0:0:1
2018-09-21 09:53:43 INFO [WebLogAspect.java:48] - 参数:pageNum,值:0
2018-09-21 09:53:43 INFO [WebLogAspect.java:56] - ************************请求结束*******************************
2018-09-21 09:53:49 INFO [WebLogAspect.java:38] - ************************请求开始*******************************
2018-09-21 09:53:49 INFO [WebLogAspect.java:40] - 请求地址 : http://localhost:13200/getOnlineDevice
2018-09-21 09:53:49 INFO [WebLogAspect.java:42] - 请求方法 : GET
2018-09-21 09:53:49 INFO [WebLogAspect.java:44] - IP : 0:0:0:0:0:0:0:1
2018-09-21 09:53:49 INFO [WebLogAspect.java:48] - 参数:pageNum,值:0
2018-09-21 09:53:49 INFO [WebLogAspect.java:56] - ************************请求结束*******************************
2018-09-21 09:53:55 INFO [WebLogAspect.java:38] - ************************请求开始*******************************
2018-09-21 09:53:55 INFO [WebLogAspect.java:40] - 请求地址 : http://localhost:13200/getOnlineDevice
2018-09-21 09:53:55 INFO [WebLogAspect.java:42] - 请求方法 : GET
2018-09-21 09:53:55 INFO [WebLogAspect.java:44] - IP : 0:0:0:0:0:0:0:1
2018-09-21 09:53:55 INFO [WebLogAspect.java:48] - 参数:pageNum,值:1
2018-09-21 09:53:55 INFO [WebLogAspect.java:56] - ************************请求结束*******************************
2018-09-21 09:53:58 INFO [WebLogAspect.java:38] - ************************请求开始*******************************
2018-09-21 09:53:58 INFO [WebLogAspect.java:40] - 请求地址 : http://localhost:13200/getOnlineDevice
2018-09-21 09:53:58 INFO [WebLogAspect.java:42] - 请求方法 : GET
2018-09-21 09:53:58 INFO [WebLogAspect.java:44] - IP : 0:0:0:0:0:0:0:1
2018-09-21 09:53:58 INFO [WebLogAspect.java:48] - 参数:pageNum,值:2
2018-09-21 09:53:58 INFO [WebLogAspect.java:56] - ************************请求结束*******************************
2018-09-21 09:53:59 INFO [WebLogAspect.java:38] - ************************请求开始*******************************
2018-09-21 09:53:59 INFO [WebLogAspect.java:40] - 请求地址 : http://localhost:13200/getOnlineDevice
2018-09-21 09:53:59 INFO [WebLogAspect.java:42] - 请求方法 : GET
2018-09-21 09:53:59 INFO [WebLogAspect.java:44] - IP : 0:0:0:0:0:0:0:1
2018-09-21 09:53:59 INFO [WebLogAspect.java:48] - 参数:pageNum,值:3
2018-09-21 09:53:59 INFO [WebLogAspect.java:56] - ************************请求结束*******************************
2018-09-21 09:54:00 INFO [WebLogAspect.java:38] - ************************请求开始*******************************
2018-09-21 09:54:00 INFO [WebLogAspect.java:40] - 请求地址 : http://localhost:13200/getOnlineDevice
2018-09-21 09:54:00 INFO [WebLogAspect.java:42] - 请求方法 : GET
2018-09-21 09:54:00 INFO [WebLogAspect.java:44] - IP : 0:0:0:0:0:0:0:1
2018-09-21 09:54:00 INFO [WebLogAspect.java:48] - 参数:pageNum,值:4
2018-09-21 09:54:00 INFO [WebLogAspect.java:56] - ************************请求结束*******************************
2018-09-21 09:54:01 INFO [WebLogAspect.java:38] - ************************请求开始*******************************
2018-09-21 09:54:01 INFO [WebLogAspect.java:40] - 请求地址 : http://localhost:13200/getOnlineDevice
2018-09-21 09:54:01 INFO [WebLogAspect.java:42] - 请求方法 : GET
2018-09-21 09:54:01 INFO [WebLogAspect.java:44] - IP : 0:0:0:0:0:0:0:1
2018-09-21 09:54:01 INFO [WebLogAspect.java:48] - 参数:pageNum,值:8
2018-09-21 09:54:01 INFO [WebLogAspect.java:56] - ************************请求结束*******************************
2018-09-21 09:54:02 INFO [WebLogAspect.java:38] - ************************请求开始*******************************
2018-09-21 09:54:02 INFO [WebLogAspect.java:40] - 请求地址 : http://localhost:13200/getOnlineDevice
2018-09-21 09:54:02 INFO [WebLogAspect.java:42] - 请求方法 : GET
2018-09-21 09:54:02 INFO [WebLogAspect.java:44] - IP : 0:0:0:0:0:0:0:1
2018-09-21 09:54:02 INFO [WebLogAspect.java:48] - 参数:pageNum,值:9
2018-09-21 09:54:02 INFO [WebLogAspect.java:56] - ************************请求结束*******************************
2018-09-21 09:54:03 INFO [WebLogAspect.java:38] - ************************请求开始*******************************
2018-09-21 09:54:03 INFO [WebLogAspect.java:40] - 请求地址 : http://localhost:13200/getOnlineDevice
2018-09-21 09:54:03 INFO [WebLogAspect.java:42] - 请求方法 : GET
2018-09-21 09:54:03 INFO [WebLogAspect.java:44] - IP : 0:0:0:0:0:0:0:1
2018-09-21 09:54:03 INFO [WebLogAspect.java:48] - 参数:pageNum,值:0
2018-09-21 09:54:03 INFO [WebLogAspect.java:56] - ************************请求结束*******************************
2018-09-21 09:54:10 INFO [WebLogAspect.java:38] - ************************请求开始*******************************
2018-09-21 09:54:10 INFO [WebLogAspect.java:40] - 请求地址 : http://localhost:13200/getOnlineDevice
2018-09-21 09:54:10 INFO [WebLogAspect.java:42] - 请求方法 : GET
2018-09-21 09:54:10 INFO [WebLogAspect.java:44] - IP : 0:0:0:0:0:0:0:1
2018-09-21 09:54:10 INFO [WebLogAspect.java:48] - 参数:pageNum,值:0
2018-09-21 09:54:10 INFO [WebLogAspect.java:56] - ************************请求结束*******************************
2018-09-21 09:54:46 INFO [WebLogAspect.java:38] - ************************请求开始*******************************
2018-09-21 09:54:46 INFO [WebLogAspect.java:40] - 请求地址 : http://localhost:13200/getOnlineDevice
2018-09-21 09:54:46 INFO [WebLogAspect.java:42] - 请求方法 : GET
2018-09-21 09:54:46 INFO [WebLogAspect.java:44] - IP : 0:0:0:0:0:0:0:1
2018-09-21 09:54:46 INFO [WebLogAspect.java:48] - 参数:pageNum,值:0
2018-09-21 09:54:46 INFO [WebLogAspect.java:56] - ************************请求结束*******************************
2018-09-21 09:54:49 INFO [WebLogAspect.java:38] - ************************请求开始*******************************
2018-09-21 09:54:49 INFO [WebLogAspect.java:40] - 请求地址 : http://localhost:13200/getOnlineDevice
2018-09-21 09:54:49 INFO [WebLogAspect.java:42] - 请求方法 : GET
2018-09-21 09:54:49 INFO [WebLogAspect.java:44] - IP : 0:0:0:0:0:0:0:1
2018-09-21 09:54:49 INFO [WebLogAspect.java:48] - 参数:pageNum,值:1
2018-09-21 09:54:49 INFO [WebLogAspect.java:56] - ************************请求结束*******************************
2018-09-21 09:55:20 INFO [WebLogAspect.java:38] - ************************请求开始*******************************
2018-09-21 09:55:20 INFO [WebLogAspect.java:40] - 请求地址 : http://localhost:13200/getOnlineDevice
2018-09-21 09:55:20 INFO [WebLogAspect.java:42] - 请求方法 : GET
2018-09-21 09:55:20 INFO [WebLogAspect.java:44] - IP : 0:0:0:0:0:0:0:1
2018-09-21 09:55:20 INFO [WebLogAspect.java:48] - 参数:pageNum,值:0
2018-09-21 09:55:20 INFO [WebLogAspect.java:56] - ************************请求结束*******************************
2018-09-21 09:56:11 INFO [WebLogAspect.java:38] - ************************请求开始*******************************
2018-09-21 09:56:11 INFO [WebLogAspect.java:40] - 请求地址 : http://localhost:13200/getOnlineDevice
2018-09-21 09:56:11 INFO [WebLogAspect.java:42] - 请求方法 : GET
2018-09-21 09:56:11 INFO [WebLogAspect.java:44] - IP : 0:0:0:0:0:0:0:1
2018-09-21 09:56:11 INFO [WebLogAspect.java:48] - 参数:pageNum,值:1
2018-09-21 09:56:11 INFO [WebLogAspect.java:56] - ************************请求结束*******************************
2018-09-21 09:58:01 INFO [WebLogAspect.java:38] - ************************请求开始*******************************
2018-09-21 09:58:01 INFO [WebLogAspect.java:40] - 请求地址 : http://localhost:13200/getOnlineDevice
2018-09-21 09:58:01 INFO [WebLogAspect.java:42] - 请求方法 : GET
2018-09-21 09:58:01 INFO [WebLogAspect.java:44] - IP : 0:0:0:0:0:0:0:1
2018-09-21 09:58:01 INFO [WebLogAspect.java:48] - 参数:pageNum,值:2
2018-09-21 09:58:01 INFO [WebLogAspect.java:56] - ************************请求结束*******************************
2018-09-21 09:58:46 INFO [WebLogAspect.java:38] - ************************请求开始*******************************
2018-09-21 09:58:46 INFO [WebLogAspect.java:40] - 请求地址 : http://localhost:13200/getOnlineDevice
2018-09-21 09:58:46 INFO [WebLogAspect.java:42] - 请求方法 : GET
2018-09-21 09:58:46 INFO [WebLogAspect.java:44] - IP : 0:0:0:0:0:0:0:1
2018-09-21 09:58:46 INFO [WebLogAspect.java:48] - 参数:pageNum,值:0
2018-09-21 09:58:46 INFO [WebLogAspect.java:56] - ************************请求结束*******************************
2018-09-21 09:59:17 INFO [WebLogAspect.java:38] - ************************请求开始*******************************
2018-09-21 09:59:17 INFO [WebLogAspect.java:40] - 请求地址 : http://localhost:13200/getOnlineDevice
2018-09-21 09:59:17 INFO [WebLogAspect.java:42] - 请求方法 : GET
2018-09-21 09:59:17 INFO [WebLogAspect.java:44] - IP : 0:0:0:0:0:0:0:1
2018-09-21 09:59:17 INFO [WebLogAspect.java:48] - 参数:pageNum,值:1
2018-09-21 09:59:17 INFO [WebLogAspect.java:56] - ************************请求结束*******************************
