2018-09-06 11:02:02 INFO [RedisConfig.java:57] - ------JedisPool注入成功！------
2018-09-06 11:02:02 INFO [RedisConfig.java:58] - ------redis地址:118.126.91.157:6379------
2018-09-06 11:03:18 INFO [RedisConfig.java:57] - ------JedisPool注入成功！------
2018-09-06 11:03:18 INFO [RedisConfig.java:58] - ------redis地址:118.126.91.157:6379------
2018-09-06 11:03:34 INFO [RedisConfig.java:57] - ------JedisPool注入成功！------
2018-09-06 11:03:34 INFO [RedisConfig.java:58] - ------redis地址:118.126.91.157:6379------
2018-09-06 11:25:01 INFO [RedisConfig.java:57] - ------JedisPool注入成功！------
2018-09-06 11:25:01 INFO [RedisConfig.java:58] - ------redis地址:118.126.91.157:6379------
2018-09-06 11:28:39 INFO [RedisConfig.java:57] - ------JedisPool注入成功！------
2018-09-06 11:28:39 INFO [RedisConfig.java:58] - ------redis地址:118.126.91.157:6379------
2018-09-06 11:28:54 INFO [WebLogAspect.java:38] - ************************请求开始*******************************
2018-09-06 11:28:54 INFO [WebLogAspect.java:40] - 请求地址 : http://localhost:13200/getInterfaceData
2018-09-06 11:28:54 INFO [WebLogAspect.java:42] - 请求方法 : GET
2018-09-06 11:28:54 INFO [WebLogAspect.java:44] - IP : 0:0:0:0:0:0:0:1
2018-09-06 11:29:30 INFO [RedisConfig.java:57] - ------JedisPool注入成功！------
2018-09-06 11:29:30 INFO [RedisConfig.java:58] - ------redis地址:192.168.11.118:6379------
2018-09-06 11:29:36 INFO [WebLogAspect.java:38] - ************************请求开始*******************************
2018-09-06 11:29:36 INFO [WebLogAspect.java:40] - 请求地址 : http://localhost:13200/getInterfaceData
2018-09-06 11:29:36 INFO [WebLogAspect.java:42] - 请求方法 : GET
2018-09-06 11:29:36 INFO [WebLogAspect.java:44] - IP : 0:0:0:0:0:0:0:1
2018-09-06 11:30:18 INFO [RedisConfig.java:57] - ------JedisPool注入成功！------
2018-09-06 11:30:18 INFO [RedisConfig.java:58] - ------redis地址:127.0.0.1:6379------
2018-09-06 11:30:29 INFO [WebLogAspect.java:38] - ************************请求开始*******************************
2018-09-06 11:30:29 INFO [WebLogAspect.java:40] - 请求地址 : http://localhost:13200/getInterfaceData
2018-09-06 11:30:29 INFO [WebLogAspect.java:42] - 请求方法 : GET
2018-09-06 11:30:29 INFO [WebLogAspect.java:44] - IP : 0:0:0:0:0:0:0:1
2018-09-06 11:30:29 INFO [OperationController.java:75] - ------从redis中读取数据！------
2018-09-06 11:30:30 INFO [OperationController.java:84] - ----接口报错：发送邮箱报警----
2018-09-06 11:31:09 INFO [RedisConfig.java:57] - ------JedisPool注入成功！------
2018-09-06 11:31:09 INFO [RedisConfig.java:58] - ------redis地址:127.0.0.1:6379------
2018-09-06 11:33:22 INFO [WebLogAspect.java:38] - ************************请求开始*******************************
2018-09-06 11:33:22 INFO [WebLogAspect.java:40] - 请求地址 : http://localhost:13200/getInterfaceData
2018-09-06 11:33:22 INFO [WebLogAspect.java:42] - 请求方法 : GET
2018-09-06 11:33:22 INFO [WebLogAspect.java:44] - IP : 0:0:0:0:0:0:0:1
2018-09-06 11:33:22 INFO [OperationController.java:75] - ------从redis中读取数据！------
2018-09-06 11:33:36 INFO [OperationController.java:84] - ----接口报错：发送邮箱报警----
2018-09-06 11:36:03 INFO [WebLogAspect.java:38] - ************************请求开始*******************************
2018-09-06 11:36:03 INFO [WebLogAspect.java:40] - 请求地址 : http://localhost:13200/getInterfaceData
2018-09-06 11:36:03 INFO [WebLogAspect.java:42] - 请求方法 : GET
2018-09-06 11:36:03 INFO [WebLogAspect.java:44] - IP : 0:0:0:0:0:0:0:1
2018-09-06 11:36:03 INFO [OperationController.java:75] - ------从redis中读取数据！------
2018-09-06 11:36:16 INFO [OperationController.java:84] - ----接口报错：发送邮箱报警----
2018-09-06 11:38:10 INFO [RedisConfig.java:57] - ------JedisPool注入成功！------
2018-09-06 11:38:11 INFO [RedisConfig.java:58] - ------redis地址:127.0.0.1:6379------
2018-09-06 11:39:31 INFO [WebLogAspect.java:38] - ************************请求开始*******************************
2018-09-06 11:39:31 INFO [WebLogAspect.java:40] - 请求地址 : http://localhost:13200/getInterfaceData
2018-09-06 11:39:31 INFO [WebLogAspect.java:42] - 请求方法 : GET
2018-09-06 11:39:31 INFO [WebLogAspect.java:44] - IP : 0:0:0:0:0:0:0:1
2018-09-06 11:39:31 INFO [OperationController.java:75] - ------从redis中读取数据！------
2018-09-06 11:39:35 INFO [OperationController.java:84] - ----接口报错：发送邮箱报警----
2018-09-06 11:40:52 INFO [RedisConfig.java:57] - ------JedisPool注入成功！------
2018-09-06 11:40:52 INFO [RedisConfig.java:58] - ------redis地址:127.0.0.1:6379------
2018-09-06 11:41:06 INFO [WebLogAspect.java:38] - ************************请求开始*******************************
2018-09-06 11:41:06 INFO [WebLogAspect.java:40] - 请求地址 : http://localhost:13200/getInterfaceData
2018-09-06 11:41:06 INFO [WebLogAspect.java:42] - 请求方法 : GET
2018-09-06 11:41:06 INFO [WebLogAspect.java:44] - IP : 0:0:0:0:0:0:0:1
2018-09-06 11:41:06 INFO [OperationController.java:75] - ------从redis中读取数据！------
2018-09-06 11:41:10 INFO [OperationController.java:84] - ----接口报错：发送邮箱报警----
2018-09-06 11:42:51 INFO [RedisConfig.java:57] - ------JedisPool注入成功！------
2018-09-06 11:42:51 INFO [RedisConfig.java:58] - ------redis地址:127.0.0.1:6379------
2018-09-06 11:43:09 INFO [RedisConfig.java:57] - ------JedisPool注入成功！------
2018-09-06 11:43:09 INFO [RedisConfig.java:58] - ------redis地址:127.0.0.1:6379------
2018-09-06 11:43:19 INFO [WebLogAspect.java:38] - ************************请求开始*******************************
2018-09-06 11:43:19 INFO [WebLogAspect.java:40] - 请求地址 : http://localhost:13200/getInterfaceData
2018-09-06 11:43:19 INFO [WebLogAspect.java:42] - 请求方法 : GET
2018-09-06 11:43:19 INFO [WebLogAspect.java:44] - IP : 0:0:0:0:0:0:0:1
2018-09-06 11:43:19 INFO [OperationController.java:78] - ------从redis中读取数据！------
2018-09-06 11:43:19 INFO [OperationController.java:87] - ----接口报错：发送邮箱报警----
2018-09-06 11:44:19 INFO [RedisConfig.java:57] - ------JedisPool注入成功！------
2018-09-06 11:44:19 INFO [RedisConfig.java:58] - ------redis地址:127.0.0.1:6379------
2018-09-06 11:44:33 INFO [WebLogAspect.java:38] - ************************请求开始*******************************
2018-09-06 11:44:33 INFO [WebLogAspect.java:40] - 请求地址 : http://localhost:13200/getInterfaceData
2018-09-06 11:44:33 INFO [WebLogAspect.java:42] - 请求方法 : GET
2018-09-06 11:44:33 INFO [WebLogAspect.java:44] - IP : 0:0:0:0:0:0:0:1
2018-09-06 11:44:33 INFO [OperationController.java:78] - ------从redis中读取数据！------
2018-09-06 11:44:42 INFO [OperationController.java:87] - ----接口报错：发送邮箱报警----
2018-09-06 11:46:13 INFO [RedisConfig.java:57] - ------JedisPool注入成功！------
2018-09-06 11:46:13 INFO [RedisConfig.java:58] - ------redis地址:127.0.0.1:6379------
2018-09-06 11:46:35 INFO [RedisConfig.java:57] - ------JedisPool注入成功！------
2018-09-06 11:46:35 INFO [RedisConfig.java:58] - ------redis地址:127.0.0.1:6379------
2018-09-06 11:47:30 INFO [RedisConfig.java:57] - ------JedisPool注入成功！------
2018-09-06 11:47:30 INFO [RedisConfig.java:58] - ------redis地址:127.0.0.1:6379------
2018-09-06 11:48:18 INFO [RedisConfig.java:57] - ------JedisPool注入成功！------
2018-09-06 11:48:18 INFO [RedisConfig.java:58] - ------redis地址:127.0.0.1:6379------
2018-09-06 11:50:01 INFO [RedisConfig.java:57] - ------JedisPool注入成功！------
2018-09-06 11:50:01 INFO [RedisConfig.java:58] - ------redis地址:127.0.0.1:6379------
2018-09-06 11:52:03 INFO [RedisConfig.java:57] - ------JedisPool注入成功！------
2018-09-06 11:52:03 INFO [RedisConfig.java:58] - ------redis地址:127.0.0.1:6379------
2018-09-06 11:52:11 INFO [WebLogAspect.java:38] - ************************请求开始*******************************
2018-09-06 11:52:11 INFO [WebLogAspect.java:40] - 请求地址 : http://localhost:13200/getInterfaceData
2018-09-06 11:52:11 INFO [WebLogAspect.java:42] - 请求方法 : GET
2018-09-06 11:52:11 INFO [WebLogAspect.java:44] - IP : 0:0:0:0:0:0:0:1
2018-09-06 11:52:11 INFO [OperationController.java:80] - ------从redis中读取数据！------
2018-09-06 11:52:12 INFO [OperationController.java:90] - ----接口报错：发送邮箱报警----
2018-09-06 11:52:12 INFO [OperationController.java:91] - ----接口请求地址----https://test.dascomyun.cn/autoservice_user/v1.0/common/session
2018-09-06 11:52:23 INFO [HttpClientUtils.java:268] - ----邮件已发送----
2018-09-06 11:52:23 INFO [OperationController.java:98] - 总耗时：11768
2018-09-06 11:52:23 INFO [WebLogAspect.java:56] - ************************请求结束*******************************
