2018-09-06 14:00:18 INFO [WebLogAspect.java:38] - ************************请求开始*******************************
2018-09-06 14:00:18 INFO [WebLogAspect.java:40] - 请求地址 : http://localhost:13200/getInterfaceData
2018-09-06 14:00:18 INFO [WebLogAspect.java:42] - 请求方法 : GET
2018-09-06 14:00:18 INFO [WebLogAspect.java:44] - IP : 0:0:0:0:0:0:0:1
2018-09-06 14:01:08 INFO [RedisConfig.java:57] - ------JedisPool注入成功！------
2018-09-06 14:01:08 INFO [RedisConfig.java:58] - ------redis地址:127.0.0.1:6379------
2018-09-06 14:01:25 INFO [RedisConfig.java:57] - ------JedisPool注入成功！------
2018-09-06 14:01:25 INFO [RedisConfig.java:58] - ------redis地址:127.0.0.1:6379------
2018-09-06 14:01:34 INFO [RedisConfig.java:57] - ------JedisPool注入成功！------
2018-09-06 14:01:34 INFO [RedisConfig.java:58] - ------redis地址:127.0.0.1:6379------
2018-09-06 14:01:37 INFO [WebLogAspect.java:38] - ************************请求开始*******************************
2018-09-06 14:01:37 INFO [WebLogAspect.java:40] - 请求地址 : http://localhost:13200/getInterfaceData
2018-09-06 14:01:37 INFO [WebLogAspect.java:42] - 请求方法 : GET
2018-09-06 14:01:37 INFO [WebLogAspect.java:44] - IP : 0:0:0:0:0:0:0:1
2018-09-06 14:01:37 INFO [OperationController.java:81] - ------从redis中读取数据！------
2018-09-06 14:01:37 INFO [OperationController.java:91] - ----接口报错：发送邮箱报警----
2018-09-06 14:01:37 INFO [OperationController.java:92] - ----接口请求地址----https://test.dascomyun.cn/autoservice_user/v1.0/common/session
2018-09-06 14:01:37 INFO [HttpClientUtils.java:278] - ----邮件已发送----
2018-09-06 14:01:37 INFO [OperationController.java:99] - 总耗时：357
2018-09-06 14:01:37 INFO [WebLogAspect.java:56] - ************************请求结束*******************************
2018-09-06 14:47:49 INFO [RedisConfig.java:57] - ------JedisPool注入成功！------
2018-09-06 14:47:49 INFO [RedisConfig.java:58] - ------redis地址:127.0.0.1:6379------
2018-09-06 14:52:16 INFO [RedisConfig.java:57] - ------JedisPool注入成功！------
2018-09-06 14:52:16 INFO [RedisConfig.java:58] - ------redis地址:127.0.0.1:6379------
2018-09-06 14:56:00 INFO [RedisConfig.java:57] - ------JedisPool注入成功！------
2018-09-06 14:56:00 INFO [RedisConfig.java:58] - ------redis地址:127.0.0.1:6379------
2018-09-06 14:56:04 INFO [WebLogAspect.java:38] - ************************请求开始*******************************
2018-09-06 14:56:04 INFO [WebLogAspect.java:40] - 请求地址 : http://localhost:13200/getInterfaceData
2018-09-06 14:56:04 INFO [WebLogAspect.java:42] - 请求方法 : GET
2018-09-06 14:56:04 INFO [WebLogAspect.java:44] - IP : 0:0:0:0:0:0:0:1
2018-09-06 14:56:04 INFO [OperationController.java:91] - ------从redis中读取数据！------
2018-09-06 14:56:05 INFO [OperationController.java:102] - ----接口报错：发送邮箱报警----
2018-09-06 14:56:05 INFO [OperationController.java:103] - ----接口请求地址----https://test.dascomyun.cn/autoservice_user/v1.0/common/session
2018-09-06 14:56:05 INFO [HttpClientUtils.java:278] - ----邮件已发送----
2018-09-06 14:56:05 INFO [OperationController.java:106] - ----接口报错：发送钉钉报警----
2018-09-06 14:56:05 INFO [OperationController.java:107] - ----接口请求地址----https://test.dascomyun.cn/autoservice_user/v1.0/common/session
2018-09-06 14:56:05 INFO [OperationController.java:115] - 总耗时：984
2018-09-06 14:56:05 INFO [WebLogAspect.java:56] - ************************请求结束*******************************
2018-09-06 14:56:30 INFO [WebLogAspect.java:38] - ************************请求开始*******************************
2018-09-06 14:56:30 INFO [WebLogAspect.java:40] - 请求地址 : http://localhost:13200/getInterfaceData
2018-09-06 14:56:30 INFO [WebLogAspect.java:42] - 请求方法 : GET
2018-09-06 14:56:30 INFO [WebLogAspect.java:44] - IP : 0:0:0:0:0:0:0:1
2018-09-06 14:56:30 INFO [OperationController.java:91] - ------从redis中读取数据！------
2018-09-06 14:56:30 INFO [OperationController.java:102] - ----接口报错：发送邮箱报警----
2018-09-06 14:56:30 INFO [OperationController.java:103] - ----接口请求地址----https://test.dascomyun.cn/autoservice_user/v1.0/common/session
2018-09-06 14:56:30 INFO [HttpClientUtils.java:278] - ----邮件已发送----
2018-09-06 14:56:30 INFO [OperationController.java:106] - ----接口报错：发送钉钉报警----
2018-09-06 14:56:30 INFO [OperationController.java:107] - ----接口请求地址----https://test.dascomyun.cn/autoservice_user/v1.0/common/session
2018-09-06 14:56:30 INFO [OperationController.java:115] - 总耗时：373
2018-09-06 14:56:30 INFO [WebLogAspect.java:56] - ************************请求结束*******************************
2018-09-06 14:57:33 INFO [RedisConfig.java:57] - ------JedisPool注入成功！------
2018-09-06 14:57:33 INFO [RedisConfig.java:58] - ------redis地址:127.0.0.1:6379------
2018-09-06 14:57:47 INFO [WebLogAspect.java:38] - ************************请求开始*******************************
2018-09-06 14:57:47 INFO [WebLogAspect.java:40] - 请求地址 : http://localhost:13200/getInterfaceData
2018-09-06 14:57:47 INFO [WebLogAspect.java:42] - 请求方法 : GET
2018-09-06 14:57:47 INFO [WebLogAspect.java:44] - IP : 0:0:0:0:0:0:0:1
2018-09-06 14:57:47 INFO [OperationController.java:91] - ------从redis中读取数据！------
2018-09-06 14:57:53 INFO [OperationController.java:102] - ----接口报错：发送邮箱报警----
2018-09-06 14:57:53 INFO [OperationController.java:103] - ----接口请求地址----https://test.dascomyun.cn/autoservice_user/v1.0/common/session
2018-09-06 14:57:56 INFO [HttpClientUtils.java:278] - ----邮件已发送----
2018-09-06 14:58:00 INFO [OperationController.java:106] - ----接口报错：发送钉钉报警----
2018-09-06 14:58:01 INFO [OperationController.java:107] - ----接口请求地址----https://test.dascomyun.cn/autoservice_user/v1.0/common/session
