2018-09-05 15:27:25 INFO [RedisConfig.java:57] - ------JedisPool注入成功！------
2018-09-05 15:27:25 INFO [RedisConfig.java:58] - ------redis地址:192.168.11.118:6379------
2018-09-05 15:27:43 INFO [WebLogAspect.java:38] - ************************请求开始*******************************
2018-09-05 15:27:43 INFO [WebLogAspect.java:40] - 请求地址 : http://localhost:13200/saveOpenid
2018-09-05 15:27:43 INFO [WebLogAspect.java:42] - 请求方法 : POST
2018-09-05 15:27:43 INFO [WebLogAspect.java:44] - IP : 0:0:0:0:0:0:0:1
2018-09-05 15:27:43 INFO [WebLogAspect.java:56] - ************************请求结束*******************************
2018-09-05 15:29:02 INFO [RedisConfig.java:57] - ------JedisPool注入成功！------
2018-09-05 15:29:02 INFO [RedisConfig.java:58] - ------redis地址:192.168.11.118:6379------
2018-09-05 15:29:16 INFO [WebLogAspect.java:38] - ************************请求开始*******************************
2018-09-05 15:29:16 INFO [WebLogAspect.java:40] - 请求地址 : http://localhost:13200/saveOpenid
2018-09-05 15:29:16 INFO [WebLogAspect.java:42] - 请求方法 : POST
2018-09-05 15:29:16 INFO [WebLogAspect.java:44] - IP : 0:0:0:0:0:0:0:1
2018-09-05 15:29:35 INFO [WebLogAspect.java:56] - ************************请求结束*******************************
2018-09-05 15:31:40 INFO [RedisConfig.java:57] - ------JedisPool注入成功！------
2018-09-05 15:31:40 INFO [RedisConfig.java:58] - ------redis地址:192.168.11.118:6379------
2018-09-05 15:31:48 INFO [RedisConfig.java:57] - ------JedisPool注入成功！------
2018-09-05 15:31:48 INFO [RedisConfig.java:58] - ------redis地址:192.168.11.118:6379------
2018-09-05 15:31:58 INFO [WebLogAspect.java:38] - ************************请求开始*******************************
2018-09-05 15:31:58 INFO [WebLogAspect.java:40] - 请求地址 : http://localhost:13200/saveOpenid
2018-09-05 15:31:58 INFO [WebLogAspect.java:42] - 请求方法 : POST
2018-09-05 15:31:58 INFO [WebLogAspect.java:44] - IP : 0:0:0:0:0:0:0:1
2018-09-05 15:31:58 INFO [OpenidController.java:52] - ------更新成功------
2018-09-05 15:31:58 INFO [OpenidController.java:53] - ----更新----openid=qwerty,insertSuccess=0,insertFail=50
2018-09-05 15:31:58 INFO [WebLogAspect.java:56] - ************************请求结束*******************************
2018-09-05 15:32:50 INFO [RedisConfig.java:57] - ------JedisPool注入成功！------
2018-09-05 15:32:50 INFO [RedisConfig.java:58] - ------redis地址:192.168.11.118:6379------
2018-09-05 15:33:13 INFO [WebLogAspect.java:38] - ************************请求开始*******************************
2018-09-05 15:33:13 INFO [WebLogAspect.java:40] - 请求地址 : http://localhost:13200/saveOpenid
2018-09-05 15:33:13 INFO [WebLogAspect.java:42] - 请求方法 : POST
2018-09-05 15:33:13 INFO [WebLogAspect.java:44] - IP : 0:0:0:0:0:0:0:1
2018-09-05 15:33:55 INFO [OpenidController.java:52] - ------更新成功------
2018-09-05 15:33:57 INFO [OpenidController.java:53] - ----更新----openid=qwerty,insertSuccess=0,insertFail=50
2018-09-05 15:34:10 INFO [WebLogAspect.java:56] - ************************请求结束*******************************
2018-09-05 15:34:56 INFO [RedisConfig.java:57] - ------JedisPool注入成功！------
2018-09-05 15:34:56 INFO [RedisConfig.java:58] - ------redis地址:192.168.11.118:6379------
2018-09-05 15:35:04 INFO [WebLogAspect.java:38] - ************************请求开始*******************************
2018-09-05 15:35:04 INFO [WebLogAspect.java:40] - 请求地址 : http://localhost:13200/saveOpenid
2018-09-05 15:35:04 INFO [WebLogAspect.java:42] - 请求方法 : POST
2018-09-05 15:35:04 INFO [WebLogAspect.java:44] - IP : 0:0:0:0:0:0:0:1
2018-09-05 15:35:04 INFO [WebLogAspect.java:56] - ************************请求结束*******************************
2018-09-05 15:36:18 INFO [RedisConfig.java:57] - ------JedisPool注入成功！------
2018-09-05 15:36:18 INFO [RedisConfig.java:58] - ------redis地址:192.168.11.118:6379------
2018-09-05 15:36:25 INFO [WebLogAspect.java:38] - ************************请求开始*******************************
2018-09-05 15:36:25 INFO [WebLogAspect.java:40] - 请求地址 : http://localhost:13200/saveOpenid
2018-09-05 15:36:25 INFO [WebLogAspect.java:42] - 请求方法 : POST
2018-09-05 15:36:25 INFO [WebLogAspect.java:44] - IP : 0:0:0:0:0:0:0:1
2018-09-05 15:36:25 INFO [OpenidController.java:43] - 缺少参数
2018-09-05 15:36:25 INFO [WebLogAspect.java:56] - ************************请求结束*******************************
2018-09-05 15:37:52 INFO [RedisConfig.java:57] - ------JedisPool注入成功！------
2018-09-05 15:37:52 INFO [RedisConfig.java:58] - ------redis地址:192.168.11.118:6379------
2018-09-05 15:37:58 INFO [WebLogAspect.java:38] - ************************请求开始*******************************
2018-09-05 15:37:58 INFO [WebLogAspect.java:40] - 请求地址 : http://localhost:13200/saveOpenid
2018-09-05 15:37:58 INFO [WebLogAspect.java:42] - 请求方法 : POST
2018-09-05 15:37:58 INFO [WebLogAspect.java:44] - IP : 0:0:0:0:0:0:0:1
2018-09-05 15:37:58 INFO [OpenidController.java:43] - qwerty
2018-09-05 15:38:12 INFO [RedisConfig.java:57] - ------JedisPool注入成功！------
2018-09-05 15:38:12 INFO [RedisConfig.java:58] - ------redis地址:192.168.11.118:6379------
2018-09-05 15:38:20 INFO [WebLogAspect.java:38] - ************************请求开始*******************************
2018-09-05 15:38:20 INFO [WebLogAspect.java:40] - 请求地址 : http://localhost:13200/saveOpenid
2018-09-05 15:38:20 INFO [WebLogAspect.java:42] - 请求方法 : POST
2018-09-05 15:38:20 INFO [WebLogAspect.java:44] - IP : 0:0:0:0:0:0:0:1
2018-09-05 15:38:20 INFO [OpenidController.java:43] - qwerty
2018-09-05 15:38:20 INFO [OpenidController.java:58] - ------新增成功------
2018-09-05 15:38:20 INFO [OpenidController.java:59] - ----新增----openid=qwerty,addSuccess=0,addFail=50
2018-09-05 15:38:20 INFO [WebLogAspect.java:56] - ************************请求结束*******************************
2018-09-05 15:38:54 INFO [RedisConfig.java:57] - ------JedisPool注入成功！------
2018-09-05 15:38:54 INFO [RedisConfig.java:58] - ------redis地址:192.168.11.118:6379------
2018-09-05 15:39:29 INFO [RedisConfig.java:57] - ------JedisPool注入成功！------
2018-09-05 15:39:29 INFO [RedisConfig.java:58] - ------redis地址:192.168.11.118:6379------
2018-09-05 15:39:58 INFO [RedisConfig.java:57] - ------JedisPool注入成功！------
2018-09-05 15:39:58 INFO [RedisConfig.java:58] - ------redis地址:192.168.11.118:6379------
2018-09-05 15:40:08 INFO [WebLogAspect.java:38] - ************************请求开始*******************************
2018-09-05 15:40:08 INFO [WebLogAspect.java:40] - 请求地址 : http://localhost:13200/saveOpenid
2018-09-05 15:40:08 INFO [WebLogAspect.java:42] - 请求方法 : POST
2018-09-05 15:40:08 INFO [WebLogAspect.java:44] - IP : 0:0:0:0:0:0:0:1
2018-09-05 15:40:08 INFO [OpenidController.java:43] - ------缺少openid参数------
2018-09-05 15:40:08 INFO [OpenidController.java:46] - ------缺少success参数------
2018-09-05 15:40:08 INFO [OpenidController.java:49] - ------缺少fail参数------
2018-09-05 15:40:08 INFO [OpenidController.java:64] - ------新增成功------
2018-09-05 15:40:08 INFO [OpenidController.java:65] - ----新增----openid=qwerty,addSuccess=0,addFail=50
2018-09-05 15:40:08 INFO [WebLogAspect.java:56] - ************************请求结束*******************************
2018-09-05 15:40:48 INFO [RedisConfig.java:57] - ------JedisPool注入成功！------
2018-09-05 15:40:48 INFO [RedisConfig.java:58] - ------redis地址:192.168.11.118:6379------
2018-09-05 15:40:56 INFO [WebLogAspect.java:38] - ************************请求开始*******************************
2018-09-05 15:40:56 INFO [WebLogAspect.java:40] - 请求地址 : http://localhost:13200/saveOpenid
2018-09-05 15:40:56 INFO [WebLogAspect.java:42] - 请求方法 : POST
2018-09-05 15:40:56 INFO [WebLogAspect.java:44] - IP : 0:0:0:0:0:0:0:1
2018-09-05 15:40:57 INFO [OpenidController.java:64] - ------新增成功------
2018-09-05 15:40:57 INFO [OpenidController.java:65] - ----新增----openid=qwerty,addSuccess=0,addFail=50
2018-09-05 15:40:57 INFO [WebLogAspect.java:56] - ************************请求结束*******************************
2018-09-05 15:41:09 INFO [WebLogAspect.java:38] - ************************请求开始*******************************
2018-09-05 15:41:09 INFO [WebLogAspect.java:40] - 请求地址 : http://localhost:13200/saveOpenid
2018-09-05 15:41:09 INFO [WebLogAspect.java:42] - 请求方法 : POST
2018-09-05 15:41:09 INFO [WebLogAspect.java:44] - IP : 0:0:0:0:0:0:0:1
2018-09-05 15:41:09 INFO [OpenidController.java:46] - ------缺少success参数------
2018-09-05 15:41:44 INFO [RedisConfig.java:57] - ------JedisPool注入成功！------
2018-09-05 15:41:44 INFO [RedisConfig.java:58] - ------redis地址:192.168.11.118:6379------
2018-09-05 15:41:49 INFO [WebLogAspect.java:38] - ************************请求开始*******************************
2018-09-05 15:41:49 INFO [WebLogAspect.java:40] - 请求地址 : http://localhost:13200/saveOpenid
2018-09-05 15:41:49 INFO [WebLogAspect.java:42] - 请求方法 : POST
2018-09-05 15:41:49 INFO [WebLogAspect.java:44] - IP : 0:0:0:0:0:0:0:1
2018-09-05 15:41:49 INFO [OpenidController.java:47] - ------缺少success参数------
2018-09-05 15:41:49 INFO [WebLogAspect.java:56] - ************************请求结束*******************************
2018-09-05 15:42:27 INFO [WebLogAspect.java:38] - ************************请求开始*******************************
2018-09-05 15:42:27 INFO [WebLogAspect.java:40] - 请求地址 : http://localhost:13200/saveOpenid
2018-09-05 15:42:27 INFO [WebLogAspect.java:42] - 请求方法 : POST
2018-09-05 15:42:27 INFO [WebLogAspect.java:44] - IP : 0:0:0:0:0:0:0:1
2018-09-05 15:42:27 INFO [OpenidController.java:61] - ------更新成功------
2018-09-05 15:42:27 INFO [OpenidController.java:62] - ----更新----openid=qwerty,insertSuccess=5,insertFail=50
2018-09-05 15:42:27 INFO [WebLogAspect.java:56] - ************************请求结束*******************************
2018-09-05 15:44:13 INFO [WebLogAspect.java:38] - ************************请求开始*******************************
2018-09-05 15:44:13 INFO [WebLogAspect.java:40] - 请求地址 : http://localhost:13200/saveOpenid
2018-09-05 15:44:13 INFO [WebLogAspect.java:42] - 请求方法 : POST
2018-09-05 15:44:13 INFO [WebLogAspect.java:44] - IP : 0:0:0:0:0:0:0:1
2018-09-05 15:44:13 INFO [OpenidController.java:47] - ------缺少success参数------
2018-09-05 15:44:13 INFO [WebLogAspect.java:56] - ************************请求结束*******************************
2018-09-05 15:54:44 INFO [RedisConfig.java:57] - ------JedisPool注入成功！------
2018-09-05 15:54:44 INFO [RedisConfig.java:58] - ------redis地址:192.168.11.118:6379------
2018-09-05 15:55:27 INFO [WebLogAspect.java:38] - ************************请求开始*******************************
2018-09-05 15:55:27 INFO [WebLogAspect.java:40] - 请求地址 : http://localhost:13200/getOpenidStatisticsList
2018-09-05 15:55:27 INFO [WebLogAspect.java:42] - 请求方法 : GET
2018-09-05 15:55:27 INFO [WebLogAspect.java:44] - IP : 0:0:0:0:0:0:0:1
2018-09-05 15:56:38 INFO [WebLogAspect.java:38] - ************************请求开始*******************************
2018-09-05 15:56:38 INFO [WebLogAspect.java:40] - 请求地址 : http://localhost:13200/getOpenidStatisticsList
2018-09-05 15:56:38 INFO [WebLogAspect.java:42] - 请求方法 : GET
2018-09-05 15:56:38 INFO [WebLogAspect.java:44] - IP : 0:0:0:0:0:0:0:1
2018-09-05 15:56:38 INFO [WebLogAspect.java:56] - ************************请求结束*******************************
2018-09-05 15:57:13 INFO [WebLogAspect.java:38] - ************************请求开始*******************************
2018-09-05 15:57:13 INFO [WebLogAspect.java:40] - 请求地址 : http://localhost:13200/saveOpenid
2018-09-05 15:57:13 INFO [WebLogAspect.java:42] - 请求方法 : POST
2018-09-05 15:57:13 INFO [WebLogAspect.java:44] - IP : 0:0:0:0:0:0:0:1
2018-09-05 15:57:13 INFO [OpenidController.java:67] - ------新增成功------
2018-09-05 15:57:13 INFO [OpenidController.java:68] - ----新增----openid=123456,addSuccess=0,addFail=1
2018-09-05 15:57:13 INFO [WebLogAspect.java:56] - ************************请求结束*******************************
2018-09-05 15:57:21 INFO [WebLogAspect.java:38] - ************************请求开始*******************************
2018-09-05 15:57:21 INFO [WebLogAspect.java:40] - 请求地址 : http://localhost:13200/saveOpenid
2018-09-05 15:57:21 INFO [WebLogAspect.java:42] - 请求方法 : POST
2018-09-05 15:57:21 INFO [WebLogAspect.java:44] - IP : 0:0:0:0:0:0:0:1
2018-09-05 15:57:21 INFO [OpenidController.java:67] - ------新增成功------
2018-09-05 15:57:21 INFO [OpenidController.java:68] - ----新增----openid=789456,addSuccess=0,addFail=1
2018-09-05 15:57:21 INFO [WebLogAspect.java:56] - ************************请求结束*******************************
2018-09-05 15:57:25 INFO [WebLogAspect.java:38] - ************************请求开始*******************************
2018-09-05 15:57:25 INFO [WebLogAspect.java:40] - 请求地址 : http://localhost:13200/getOpenidStatisticsList
2018-09-05 15:57:25 INFO [WebLogAspect.java:42] - 请求方法 : GET
2018-09-05 15:57:25 INFO [WebLogAspect.java:44] - IP : 0:0:0:0:0:0:0:1
2018-09-05 15:57:25 INFO [WebLogAspect.java:56] - ************************请求结束*******************************
2018-09-05 15:58:49 INFO [WebLogAspect.java:38] - ************************请求开始*******************************
2018-09-05 15:58:49 INFO [WebLogAspect.java:40] - 请求地址 : http://localhost:13200/getOpenidStatisticsList
2018-09-05 15:58:49 INFO [WebLogAspect.java:42] - 请求方法 : GET
2018-09-05 15:58:49 INFO [WebLogAspect.java:44] - IP : 0:0:0:0:0:0:0:1
2018-09-05 15:58:49 INFO [WebLogAspect.java:56] - ************************请求结束*******************************
2018-09-05 15:58:52 INFO [WebLogAspect.java:38] - ************************请求开始*******************************
2018-09-05 15:58:52 INFO [WebLogAspect.java:40] - 请求地址 : http://localhost:13200/getOpenidStatisticsList
2018-09-05 15:58:52 INFO [WebLogAspect.java:42] - 请求方法 : GET
2018-09-05 15:58:52 INFO [WebLogAspect.java:44] - IP : 0:0:0:0:0:0:0:1
2018-09-05 15:58:52 INFO [WebLogAspect.java:56] - ************************请求结束*******************************
