2018-09-05 16:00:50 INFO [RedisConfig.java:57] - ------JedisPool注入成功！------
2018-09-05 16:00:50 INFO [RedisConfig.java:58] - ------redis地址:192.168.11.118:6379------
2018-09-05 16:01:13 INFO [WebLogAspect.java:38] - ************************请求开始*******************************
2018-09-05 16:01:13 INFO [WebLogAspect.java:40] - 请求地址 : http://localhost:13200/getOpenidStatisticsList
2018-09-05 16:01:13 INFO [WebLogAspect.java:42] - 请求方法 : GET
2018-09-05 16:01:13 INFO [WebLogAspect.java:44] - IP : 0:0:0:0:0:0:0:1
2018-09-05 16:01:13 INFO [WebLogAspect.java:56] - ************************请求结束*******************************
2018-09-05 16:01:23 INFO [RedisConfig.java:57] - ------JedisPool注入成功！------
2018-09-05 16:01:23 INFO [RedisConfig.java:58] - ------redis地址:192.168.11.118:6379------
2018-09-05 16:01:26 INFO [WebLogAspect.java:38] - ************************请求开始*******************************
2018-09-05 16:01:26 INFO [WebLogAspect.java:40] - 请求地址 : http://localhost:13200/getOpenidStatisticsList
2018-09-05 16:01:26 INFO [WebLogAspect.java:42] - 请求方法 : GET
2018-09-05 16:01:26 INFO [WebLogAspect.java:44] - IP : 0:0:0:0:0:0:0:1
2018-09-05 16:01:26 INFO [WebLogAspect.java:56] - ************************请求结束*******************************
2018-09-05 16:15:12 INFO [RedisConfig.java:57] - ------JedisPool注入成功！------
2018-09-05 16:15:12 INFO [RedisConfig.java:58] - ------redis地址:192.168.11.118:6379------
2018-09-05 16:19:20 INFO [WebLogAspect.java:38] - ************************请求开始*******************************
2018-09-05 16:19:20 INFO [WebLogAspect.java:40] - 请求地址 : http://localhost:13200/getNowDayDevice
2018-09-05 16:19:20 INFO [WebLogAspect.java:42] - 请求方法 : GET
2018-09-05 16:19:20 INFO [WebLogAspect.java:44] - IP : 0:0:0:0:0:0:0:1
2018-09-05 16:19:21 INFO [WebLogAspect.java:56] - ************************请求结束*******************************
