2018-09-05 13:20:31 INFO [RedisConfig.java:57] - ------JedisPool注入成功！------
2018-09-05 13:20:31 INFO [RedisConfig.java:58] - ------redis地址:192.168.11.118:6379------
2018-09-05 13:20:37 INFO [WebLogAspect.java:38] - ************************请求开始*******************************
2018-09-05 13:20:37 INFO [WebLogAspect.java:40] - 请求地址 : http://localhost:13200/monthlyStatistics
2018-09-05 13:20:37 INFO [WebLogAspect.java:42] - 请求方法 : GET
2018-09-05 13:20:37 INFO [WebLogAspect.java:44] - IP : 0:0:0:0:0:0:0:1
2018-09-05 13:20:37 INFO [WebLogAspect.java:56] - ************************请求结束*******************************
2018-09-05 13:39:00 INFO [RedisConfig.java:57] - ------JedisPool注入成功！------
2018-09-05 13:39:00 INFO [RedisConfig.java:58] - ------redis地址:192.168.11.118:6379------
2018-09-05 13:39:08 INFO [WebLogAspect.java:38] - ************************请求开始*******************************
2018-09-05 13:39:08 INFO [WebLogAspect.java:40] - 请求地址 : http://localhost:13200/monthlyStatistics
2018-09-05 13:39:08 INFO [WebLogAspect.java:42] - 请求方法 : GET
2018-09-05 13:39:08 INFO [WebLogAspect.java:44] - IP : 0:0:0:0:0:0:0:1
2018-09-05 13:39:08 INFO [WebLogAspect.java:56] - ************************请求结束*******************************
2018-09-05 13:49:32 INFO [RedisConfig.java:57] - ------JedisPool注入成功！------
2018-09-05 13:49:32 INFO [RedisConfig.java:58] - ------redis地址:192.168.11.118:6379------
2018-09-05 13:49:42 INFO [WebLogAspect.java:38] - ************************请求开始*******************************
2018-09-05 13:49:42 INFO [WebLogAspect.java:40] - 请求地址 : http://localhost:13200/getNowDayDevice
2018-09-05 13:49:42 INFO [WebLogAspect.java:42] - 请求方法 : GET
2018-09-05 13:49:42 INFO [WebLogAspect.java:44] - IP : 0:0:0:0:0:0:0:1
2018-09-05 13:49:44 INFO [WebLogAspect.java:56] - ************************请求结束*******************************
