2018-09-05 09:03:19 INFO [RedisConfig.java:57] - ------JedisPool注入成功！------
2018-09-05 09:03:19 INFO [RedisConfig.java:58] - ------redis地址:127.0.0.1:6379------
2018-09-05 09:04:03 INFO [RedisConfig.java:57] - ------JedisPool注入成功！------
2018-09-05 09:04:03 INFO [RedisConfig.java:58] - ------redis地址:127.0.0.1:6379------
2018-09-05 09:04:18 INFO [WebLogAspect.java:38] - ************************请求开始*******************************
2018-09-05 09:04:18 INFO [WebLogAspect.java:40] - 请求地址 : http://localhost:13200/monthlyStatistics
2018-09-05 09:04:18 INFO [WebLogAspect.java:42] - 请求方法 : GET
2018-09-05 09:04:18 INFO [WebLogAspect.java:44] - IP : 0:0:0:0:0:0:0:1
2018-09-05 09:04:18 INFO [WebLogAspect.java:56] - ************************请求结束*******************************
2018-09-05 09:18:22 INFO [WebLogAspect.java:38] - ************************请求开始*******************************
2018-09-05 09:18:22 INFO [WebLogAspect.java:40] - 请求地址 : http://localhost:13200/getOpenidStatisticsList
2018-09-05 09:18:22 INFO [WebLogAspect.java:42] - 请求方法 : GET
2018-09-05 09:18:22 INFO [WebLogAspect.java:44] - IP : 0:0:0:0:0:0:0:1
2018-09-05 09:18:22 INFO [WebLogAspect.java:56] - ************************请求结束*******************************
2018-09-05 09:19:46 INFO [WebLogAspect.java:38] - ************************请求开始*******************************
2018-09-05 09:19:46 INFO [WebLogAspect.java:40] - 请求地址 : http://localhost:13200/getOpenidStatisticsList
2018-09-05 09:19:46 INFO [WebLogAspect.java:42] - 请求方法 : GET
2018-09-05 09:19:46 INFO [WebLogAspect.java:44] - IP : 0:0:0:0:0:0:0:1
2018-09-05 09:19:46 INFO [WebLogAspect.java:56] - ************************请求结束*******************************
2018-09-05 09:24:26 INFO [RedisConfig.java:57] - ------JedisPool注入成功！------
2018-09-05 09:24:26 INFO [RedisConfig.java:58] - ------redis地址:127.0.0.1:6379------
2018-09-05 09:24:30 INFO [WebLogAspect.java:38] - ************************请求开始*******************************
2018-09-05 09:24:30 INFO [WebLogAspect.java:40] - 请求地址 : http://localhost:13200/getOpenidStatisticsList
2018-09-05 09:24:30 INFO [WebLogAspect.java:42] - 请求方法 : GET
2018-09-05 09:24:30 INFO [WebLogAspect.java:44] - IP : 0:0:0:0:0:0:0:1
2018-09-05 09:24:30 INFO [WebLogAspect.java:56] - ************************请求结束*******************************
2018-09-05 09:27:06 INFO [RedisConfig.java:57] - ------JedisPool注入成功！------
2018-09-05 09:27:06 INFO [RedisConfig.java:58] - ------redis地址:127.0.0.1:6379------
2018-09-05 09:38:28 INFO [RedisConfig.java:57] - ------JedisPool注入成功！------
2018-09-05 09:38:28 INFO [RedisConfig.java:58] - ------redis地址:127.0.0.1:6379------
2018-09-05 09:38:38 INFO [WebLogAspect.java:38] - ************************请求开始*******************************
2018-09-05 09:38:38 INFO [WebLogAspect.java:40] - 请求地址 : http://localhost:13200/getInterfaceData
2018-09-05 09:38:38 INFO [WebLogAspect.java:42] - 请求方法 : GET
2018-09-05 09:38:38 INFO [WebLogAspect.java:44] - IP : 0:0:0:0:0:0:0:1
2018-09-05 09:38:38 INFO [OperationController.java:67] - ------从redis中读取数据！------
2018-09-05 09:38:38 INFO [OperationController.java:76] - 总耗时：773
2018-09-05 09:38:38 INFO [WebLogAspect.java:56] - ************************请求结束*******************************
