2018-08-31 16:05:31 INFO [RedisConfig.java:66] - ------JedisPool注入成功！------
2018-08-31 16:05:31 INFO [RedisConfig.java:67] - ------redis地址:127.0.0.1:6379------
2018-08-31 16:05:40 INFO [WebLogAspect.java:38] - ************************请求开始*******************************
2018-08-31 16:05:40 INFO [WebLogAspect.java:40] - 请求地址 : http://localhost:13200/getPrintDate
2018-08-31 16:05:40 INFO [WebLogAspect.java:42] - 请求方法 : GET
2018-08-31 16:05:40 INFO [WebLogAspect.java:44] - IP : 0:0:0:0:0:0:0:1
2018-08-31 16:33:44 INFO [RedisConfig.java:66] - ------JedisPool注入成功！------
2018-08-31 16:33:44 INFO [RedisConfig.java:67] - ------redis地址:127.0.0.1:6379------
2018-08-31 16:34:04 INFO [WebLogAspect.java:38] - ************************请求开始*******************************
2018-08-31 16:34:04 INFO [WebLogAspect.java:40] - 请求地址 : http://localhost:13200/getPrintDate
2018-08-31 16:34:04 INFO [WebLogAspect.java:42] - 请求方法 : GET
2018-08-31 16:34:04 INFO [WebLogAspect.java:44] - IP : 0:0:0:0:0:0:0:1
2018-08-31 16:38:53 INFO [RedisConfig.java:66] - ------JedisPool注入成功！------
2018-08-31 16:38:53 INFO [RedisConfig.java:67] - ------redis地址:127.0.0.1:6379------
2018-08-31 16:39:05 INFO [WebLogAspect.java:38] - ************************请求开始*******************************
2018-08-31 16:39:05 INFO [WebLogAspect.java:40] - 请求地址 : http://localhost:13200/getPrintDate
2018-08-31 16:39:05 INFO [WebLogAspect.java:42] - 请求方法 : GET
2018-08-31 16:39:05 INFO [WebLogAspect.java:44] - IP : 0:0:0:0:0:0:0:1
2018-08-31 16:44:11 INFO [RedisConfig.java:66] - ------JedisPool注入成功！------
2018-08-31 16:44:11 INFO [RedisConfig.java:67] - ------redis地址:127.0.0.1:6379------
2018-08-31 16:44:20 INFO [WebLogAspect.java:38] - ************************请求开始*******************************
2018-08-31 16:44:20 INFO [WebLogAspect.java:40] - 请求地址 : http://localhost:13200/getPrintDate
2018-08-31 16:44:20 INFO [WebLogAspect.java:42] - 请求方法 : GET
2018-08-31 16:44:20 INFO [WebLogAspect.java:44] - IP : 0:0:0:0:0:0:0:1
2018-08-31 16:49:11 INFO [RedisConfig.java:66] - ------JedisPool注入成功！------
2018-08-31 16:49:11 INFO [RedisConfig.java:67] - ------redis地址:127.0.0.1:6379------
2018-08-31 16:49:41 INFO [RedisConfig.java:66] - ------JedisPool注入成功！------
2018-08-31 16:49:41 INFO [RedisConfig.java:67] - ------redis地址:127.0.0.1:6379------
2018-08-31 16:49:58 INFO [RedisConfig.java:66] - ------JedisPool注入成功！------
2018-08-31 16:49:58 INFO [RedisConfig.java:67] - ------redis地址:127.0.0.1:6379------
2018-08-31 16:50:16 INFO [WebLogAspect.java:38] - ************************请求开始*******************************
2018-08-31 16:50:16 INFO [WebLogAspect.java:40] - 请求地址 : http://localhost:13200/totalPrintTimes
2018-08-31 16:50:16 INFO [WebLogAspect.java:42] - 请求方法 : GET
2018-08-31 16:50:16 INFO [WebLogAspect.java:44] - IP : 0:0:0:0:0:0:0:1
2018-08-31 16:50:16 INFO [WebLogAspect.java:56] - ************************请求结束*******************************
2018-08-31 16:50:37 INFO [RedisConfig.java:66] - ------JedisPool注入成功！------
2018-08-31 16:50:37 INFO [RedisConfig.java:67] - ------redis地址:127.0.0.1:6379------
2018-08-31 16:51:50 INFO [RedisConfig.java:66] - ------JedisPool注入成功！------
2018-08-31 16:51:50 INFO [RedisConfig.java:67] - ------redis地址:127.0.0.1:6379------
2018-08-31 16:52:03 INFO [WebLogAspect.java:38] - ************************请求开始*******************************
2018-08-31 16:52:03 INFO [WebLogAspect.java:40] - 请求地址 : http://localhost:13200/printTotal
2018-08-31 16:52:03 INFO [WebLogAspect.java:42] - 请求方法 : GET
2018-08-31 16:52:03 INFO [WebLogAspect.java:44] - IP : 0:0:0:0:0:0:0:1
2018-08-31 16:52:03 INFO [WebLogAspect.java:56] - ************************请求结束*******************************
2018-08-31 16:53:05 INFO [WebLogAspect.java:38] - ************************请求开始*******************************
2018-08-31 16:53:05 INFO [WebLogAspect.java:40] - 请求地址 : http://localhost:13200/printTotal
2018-08-31 16:53:05 INFO [WebLogAspect.java:42] - 请求方法 : GET
2018-08-31 16:53:05 INFO [WebLogAspect.java:44] - IP : 0:0:0:0:0:0:0:1
2018-08-31 16:53:53 INFO [WebLogAspect.java:56] - ************************请求结束*******************************
