2018-09-04 15:03:47 INFO [RedisConfig.java:57] - ------JedisPool注入成功！------
2018-09-04 15:03:47 INFO [RedisConfig.java:58] - ------redis地址:127.0.0.1:6379------
2018-09-04 15:04:11 INFO [RedisConfig.java:57] - ------JedisPool注入成功！------
2018-09-04 15:04:11 INFO [RedisConfig.java:58] - ------redis地址:127.0.0.1:6379------
2018-09-04 15:05:16 INFO [WebLogAspect.java:38] - ************************请求开始*******************************
2018-09-04 15:05:16 INFO [WebLogAspect.java:40] - 请求地址 : http://localhost:13200/saveOpenid
2018-09-04 15:05:16 INFO [WebLogAspect.java:42] - 请求方法 : POST
2018-09-04 15:05:16 INFO [WebLogAspect.java:44] - IP : 0:0:0:0:0:0:0:1
2018-09-04 15:05:16 INFO [WebLogAspect.java:56] - ************************请求结束*******************************
2018-09-04 15:05:46 INFO [WebLogAspect.java:38] - ************************请求开始*******************************
2018-09-04 15:05:46 INFO [WebLogAspect.java:40] - 请求地址 : http://localhost:13200/saveOpenid
2018-09-04 15:05:46 INFO [WebLogAspect.java:42] - 请求方法 : POST
2018-09-04 15:05:46 INFO [WebLogAspect.java:44] - IP : 0:0:0:0:0:0:0:1
2018-09-04 15:05:46 INFO [WebLogAspect.java:56] - ************************请求结束*******************************
2018-09-04 15:07:57 INFO [RedisConfig.java:57] - ------JedisPool注入成功！------
2018-09-04 15:07:57 INFO [RedisConfig.java:58] - ------redis地址:127.0.0.1:6379------
2018-09-04 15:24:01 INFO [RedisConfig.java:57] - ------JedisPool注入成功！------
2018-09-04 15:24:01 INFO [RedisConfig.java:58] - ------redis地址:127.0.0.1:6379------
2018-09-04 15:24:04 INFO [WebLogAspect.java:38] - ************************请求开始*******************************
2018-09-04 15:24:04 INFO [WebLogAspect.java:40] - 请求地址 : http://localhost:13200/saveOpenid
2018-09-04 15:24:04 INFO [WebLogAspect.java:42] - 请求方法 : POST
2018-09-04 15:24:04 INFO [WebLogAspect.java:44] - IP : 0:0:0:0:0:0:0:1
2018-09-04 15:24:04 INFO [OpenidController.java:59] - ------更新成功------
2018-09-04 15:24:04 INFO [OpenidController.java:60] - ----更新----openid=++++,addSuccess=0,addFail50
2018-09-04 15:24:04 INFO [WebLogAspect.java:56] - ************************请求结束*******************************
2018-09-04 15:24:19 INFO [RedisConfig.java:57] - ------JedisPool注入成功！------
2018-09-04 15:24:19 INFO [RedisConfig.java:58] - ------redis地址:127.0.0.1:6379------
2018-09-04 15:25:07 INFO [RedisConfig.java:57] - ------JedisPool注入成功！------
2018-09-04 15:25:07 INFO [RedisConfig.java:58] - ------redis地址:127.0.0.1:6379------
2018-09-04 15:25:18 INFO [WebLogAspect.java:38] - ************************请求开始*******************************
2018-09-04 15:25:18 INFO [WebLogAspect.java:40] - 请求地址 : http://localhost:13200/saveOpenid
2018-09-04 15:25:18 INFO [WebLogAspect.java:42] - 请求方法 : POST
2018-09-04 15:25:18 INFO [WebLogAspect.java:44] - IP : 0:0:0:0:0:0:0:1
2018-09-04 15:25:18 INFO [OpenidController.java:64] - ------新增成功------
2018-09-04 15:25:18 INFO [OpenidController.java:65] - ----新增----openid=****,addSuccess=0,addFail=50
2018-09-04 15:25:18 INFO [WebLogAspect.java:56] - ************************请求结束*******************************
