2018-09-04 11:01:34 INFO [RedisConfig.java:66] - ------JedisPool注入成功！------
2018-09-04 11:01:34 INFO [RedisConfig.java:67] - ------redis地址:127.0.0.1:6379------
2018-09-04 11:01:40 INFO [WebLogAspect.java:38] - ************************请求开始*******************************
2018-09-04 11:01:40 INFO [WebLogAspect.java:40] - 请求地址 : http://localhost:13200/addInter
2018-09-04 11:01:40 INFO [WebLogAspect.java:42] - 请求方法 : POST
2018-09-04 11:01:40 INFO [WebLogAspect.java:44] - IP : 0:0:0:0:0:0:0:1
2018-09-04 11:01:40 INFO [OperationController.java:92] - 缺少参数
2018-09-04 11:01:40 INFO [WebLogAspect.java:56] - ************************请求结束*******************************
2018-09-04 11:02:28 INFO [WebLogAspect.java:38] - ************************请求开始*******************************
2018-09-04 11:02:28 INFO [WebLogAspect.java:40] - 请求地址 : http://localhost:13200/addInter
2018-09-04 11:02:28 INFO [WebLogAspect.java:42] - 请求方法 : POST
2018-09-04 11:02:28 INFO [WebLogAspect.java:44] - IP : 0:0:0:0:0:0:0:1
2018-09-04 11:02:28 INFO [WebLogAspect.java:56] - ************************请求结束*******************************
2018-09-04 11:05:12 INFO [RedisConfig.java:66] - ------JedisPool注入成功！------
2018-09-04 11:05:12 INFO [RedisConfig.java:67] - ------redis地址:127.0.0.1:6379------
2018-09-04 11:05:41 INFO [RedisConfig.java:66] - ------JedisPool注入成功！------
2018-09-04 11:05:41 INFO [RedisConfig.java:67] - ------redis地址:127.0.0.1:6379------
2018-09-04 11:05:48 INFO [WebLogAspect.java:38] - ************************请求开始*******************************
2018-09-04 11:05:48 INFO [WebLogAspect.java:40] - 请求地址 : http://localhost:13200/addInter
2018-09-04 11:05:48 INFO [WebLogAspect.java:42] - 请求方法 : POST
2018-09-04 11:05:48 INFO [WebLogAspect.java:44] - IP : 0:0:0:0:0:0:0:1
2018-09-04 11:05:48 INFO [OperationController.java:92] - 缺少接口名称！
2018-09-04 11:05:48 INFO [WebLogAspect.java:56] - ************************请求结束*******************************
2018-09-04 11:06:20 INFO [WebLogAspect.java:38] - ************************请求开始*******************************
2018-09-04 11:06:20 INFO [WebLogAspect.java:40] - 请求地址 : http://localhost:13200/addInter
2018-09-04 11:06:20 INFO [WebLogAspect.java:42] - 请求方法 : POST
2018-09-04 11:06:20 INFO [WebLogAspect.java:44] - IP : 0:0:0:0:0:0:0:1
2018-09-04 11:06:20 INFO [WebLogAspect.java:56] - ************************请求结束*******************************
2018-09-04 11:08:13 INFO [RedisConfig.java:66] - ------JedisPool注入成功！------
2018-09-04 11:08:13 INFO [RedisConfig.java:67] - ------redis地址:127.0.0.1:6379------
2018-09-04 11:08:46 INFO [WebLogAspect.java:38] - ************************请求开始*******************************
2018-09-04 11:08:46 INFO [WebLogAspect.java:40] - 请求地址 : http://localhost:13200/addInter
2018-09-04 11:08:46 INFO [WebLogAspect.java:42] - 请求方法 : POST
2018-09-04 11:08:46 INFO [WebLogAspect.java:44] - IP : 0:0:0:0:0:0:0:1
2018-09-04 11:08:46 INFO [OperationController.java:112] - ----新增接口----插入mongodb成功
2018-09-04 11:08:46 INFO [OperationController.java:115] - ----新增接口----插入redis成功
2018-09-04 11:08:46 INFO [WebLogAspect.java:56] - ************************请求结束*******************************
2018-09-04 11:10:51 INFO [RedisConfig.java:66] - ------JedisPool注入成功！------
2018-09-04 11:10:51 INFO [RedisConfig.java:67] - ------redis地址:127.0.0.1:6379------
2018-09-04 11:11:17 INFO [RedisConfig.java:66] - ------JedisPool注入成功！------
2018-09-04 11:11:17 INFO [RedisConfig.java:67] - ------redis地址:127.0.0.1:6379------
2018-09-04 11:11:21 INFO [WebLogAspect.java:38] - ************************请求开始*******************************
2018-09-04 11:11:21 INFO [WebLogAspect.java:40] - 请求地址 : http://localhost:13200/addInter
2018-09-04 11:11:21 INFO [WebLogAspect.java:42] - 请求方法 : POST
2018-09-04 11:11:21 INFO [WebLogAspect.java:44] - IP : 0:0:0:0:0:0:0:1
2018-09-04 11:11:21 INFO [OperationController.java:112] - interfaceInfo:
2018-09-04 11:11:21 INFO [OperationController.java:113] - ----新增接口----插入mongodb成功
2018-09-04 11:11:21 INFO [OperationController.java:116] - ----新增接口----插入redis成功
2018-09-04 11:11:21 INFO [WebLogAspect.java:56] - ************************请求结束*******************************
2018-09-04 11:15:42 INFO [RedisConfig.java:66] - ------JedisPool注入成功！------
2018-09-04 11:15:42 INFO [RedisConfig.java:67] - ------redis地址:127.0.0.1:6379------
2018-09-04 11:15:46 INFO [WebLogAspect.java:38] - ************************请求开始*******************************
2018-09-04 11:15:46 INFO [WebLogAspect.java:40] - 请求地址 : http://localhost:13200/addInter
2018-09-04 11:15:46 INFO [WebLogAspect.java:42] - 请求方法 : POST
2018-09-04 11:15:46 INFO [WebLogAspect.java:44] - IP : 0:0:0:0:0:0:0:1
2018-09-04 11:15:46 INFO [OperationController.java:112] - interfaceInfo[interfaceName=test-baidu,requestUrl=http://www.baidu.com,method=get,jsonParameter=null,headerParameter=null,note=null]
2018-09-04 11:15:46 INFO [OperationController.java:113] - ----新增接口----插入mongodb成功
2018-09-04 11:15:46 INFO [OperationController.java:116] - ----新增接口----插入redis成功
2018-09-04 11:15:46 INFO [WebLogAspect.java:56] - ************************请求结束*******************************
2018-09-04 11:46:28 INFO [RedisConfig.java:66] - ------JedisPool注入成功！------
2018-09-04 11:46:28 INFO [RedisConfig.java:67] - ------redis地址:127.0.0.1:6379------
2018-09-04 11:48:20 INFO [WebLogAspect.java:38] - ************************请求开始*******************************
2018-09-04 11:48:20 INFO [WebLogAspect.java:40] - 请求地址 : http://localhost:13200/getInterfaceData
2018-09-04 11:48:20 INFO [WebLogAspect.java:42] - 请求方法 : GET
2018-09-04 11:48:20 INFO [WebLogAspect.java:44] - IP : 0:0:0:0:0:0:0:1
2018-09-04 11:48:20 INFO [OperationController.java:67] - ------从redis中读取数据！------
2018-09-04 11:48:21 INFO [OperationController.java:76] - 总耗时：600
2018-09-04 11:48:21 INFO [WebLogAspect.java:56] - ************************请求结束*******************************
