2018-09-26 11:03:03 INFO [WebLogAspect.java:38] - ************************请求开始*******************************
2018-09-26 11:03:03 INFO [WebLogAspect.java:40] - 请求地址 : http://localhost:13200/readDevice
2018-09-26 11:03:03 INFO [WebLogAspect.java:42] - 请求方法 : GET
2018-09-26 11:03:03 INFO [WebLogAspect.java:44] - IP : 0:0:0:0:0:0:0:1
2018-09-26 11:03:04 INFO [WebLogAspect.java:56] - ************************请求结束*******************************
2018-09-26 11:05:41 INFO [WebLogAspect.java:38] - ************************请求开始*******************************
2018-09-26 11:05:41 INFO [WebLogAspect.java:40] - 请求地址 : http://localhost:13200/readDevice
2018-09-26 11:05:41 INFO [WebLogAspect.java:42] - 请求方法 : GET
2018-09-26 11:05:41 INFO [WebLogAspect.java:44] - IP : 0:0:0:0:0:0:0:1
2018-09-26 11:05:42 INFO [WebLogAspect.java:56] - ************************请求结束*******************************
2018-09-26 11:06:18 INFO [WebLogAspect.java:38] - ************************请求开始*******************************
2018-09-26 11:06:18 INFO [WebLogAspect.java:40] - 请求地址 : http://localhost:13200/readDevice
2018-09-26 11:06:18 INFO [WebLogAspect.java:42] - 请求方法 : GET
2018-09-26 11:06:18 INFO [WebLogAspect.java:44] - IP : 0:0:0:0:0:0:0:1
2018-09-26 11:06:18 INFO [WebLogAspect.java:56] - ************************请求结束*******************************
2018-09-26 11:47:30 INFO [WebLogAspect.java:38] - ************************请求开始*******************************
2018-09-26 11:47:30 INFO [WebLogAspect.java:40] - 请求地址 : http://localhost:13200/readDevice
2018-09-26 11:47:30 INFO [WebLogAspect.java:42] - 请求方法 : GET
2018-09-26 11:47:30 INFO [WebLogAspect.java:44] - IP : 0:0:0:0:0:0:0:1
2018-09-26 11:47:31 INFO [WebLogAspect.java:56] - ************************请求结束*******************************
2018-09-26 11:49:31 INFO [WebLogAspect.java:38] - ************************请求开始*******************************
2018-09-26 11:49:31 INFO [WebLogAspect.java:40] - 请求地址 : http://localhost:13200/readDevice
2018-09-26 11:49:31 INFO [WebLogAspect.java:42] - 请求方法 : GET
2018-09-26 11:49:31 INFO [WebLogAspect.java:44] - IP : 0:0:0:0:0:0:0:1
2018-09-26 11:49:32 INFO [WebLogAspect.java:56] - ************************请求结束*******************************
