2018-09-18 09:08:10 INFO [WebLogAspect.java:38] - ************************请求开始*******************************
2018-09-18 09:08:10 INFO [WebLogAspect.java:40] - 请求地址 : http://localhost:13200/printWithEachMonth
2018-09-18 09:08:10 INFO [WebLogAspect.java:42] - 请求方法 : GET
2018-09-18 09:08:10 INFO [WebLogAspect.java:44] - IP : 0:0:0:0:0:0:0:1
2018-09-18 09:08:11 INFO [WebLogAspect.java:56] - ************************请求结束*******************************
2018-09-18 09:11:06 INFO [WebLogAspect.java:38] - ************************请求开始*******************************
2018-09-18 09:11:06 INFO [WebLogAspect.java:40] - 请求地址 : http://localhost:13200/printWithEachMonth
2018-09-18 09:11:06 INFO [WebLogAspect.java:42] - 请求方法 : GET
2018-09-18 09:11:06 INFO [WebLogAspect.java:44] - IP : 0:0:0:0:0:0:0:1
2018-09-18 09:11:06 INFO [WebLogAspect.java:56] - ************************请求结束*******************************
2018-09-18 09:11:58 INFO [WebLogAspect.java:38] - ************************请求开始*******************************
2018-09-18 09:11:58 INFO [WebLogAspect.java:40] - 请求地址 : http://localhost:13200/printWithEachMonth
2018-09-18 09:11:58 INFO [WebLogAspect.java:42] - 请求方法 : GET
2018-09-18 09:11:58 INFO [WebLogAspect.java:44] - IP : 0:0:0:0:0:0:0:1
2018-09-18 09:11:58 INFO [WebLogAspect.java:56] - ************************请求结束*******************************
2018-09-18 09:12:03 INFO [WebLogAspect.java:38] - ************************请求开始*******************************
2018-09-18 09:12:03 INFO [WebLogAspect.java:40] - 请求地址 : http://localhost:13200/printWithEachMonth
2018-09-18 09:12:03 INFO [WebLogAspect.java:42] - 请求方法 : GET
2018-09-18 09:12:03 INFO [WebLogAspect.java:44] - IP : 0:0:0:0:0:0:0:1
2018-09-18 09:12:03 INFO [WebLogAspect.java:56] - ************************请求结束*******************************
2018-09-18 09:12:18 INFO [WebLogAspect.java:38] - ************************请求开始*******************************
2018-09-18 09:12:18 INFO [WebLogAspect.java:40] - 请求地址 : http://localhost:13200/printWithEachMonth
2018-09-18 09:12:18 INFO [WebLogAspect.java:42] - 请求方法 : GET
2018-09-18 09:12:18 INFO [WebLogAspect.java:44] - IP : 0:0:0:0:0:0:0:1
2018-09-18 09:12:18 INFO [WebLogAspect.java:56] - ************************请求结束*******************************
2018-09-18 09:12:28 INFO [WebLogAspect.java:38] - ************************请求开始*******************************
2018-09-18 09:12:28 INFO [WebLogAspect.java:40] - 请求地址 : http://localhost:13200/printWithEachMonth
2018-09-18 09:12:28 INFO [WebLogAspect.java:42] - 请求方法 : GET
2018-09-18 09:12:28 INFO [WebLogAspect.java:44] - IP : 0:0:0:0:0:0:0:1
2018-09-18 09:12:28 INFO [WebLogAspect.java:56] - ************************请求结束*******************************
2018-09-18 09:12:45 INFO [WebLogAspect.java:38] - ************************请求开始*******************************
2018-09-18 09:12:45 INFO [WebLogAspect.java:40] - 请求地址 : http://localhost:13200/printWithEachMonth
2018-09-18 09:12:45 INFO [WebLogAspect.java:42] - 请求方法 : GET
2018-09-18 09:12:45 INFO [WebLogAspect.java:44] - IP : 0:0:0:0:0:0:0:1
2018-09-18 09:12:45 INFO [WebLogAspect.java:56] - ************************请求结束*******************************
2018-09-18 09:14:06 INFO [WebLogAspect.java:38] - ************************请求开始*******************************
2018-09-18 09:14:06 INFO [WebLogAspect.java:40] - 请求地址 : http://localhost:13200/getActiveDevice
2018-09-18 09:14:06 INFO [WebLogAspect.java:42] - 请求方法 : GET
2018-09-18 09:14:06 INFO [WebLogAspect.java:44] - IP : 0:0:0:0:0:0:0:1
2018-09-18 09:14:06 INFO [WebLogAspect.java:56] - ************************请求结束*******************************
2018-09-18 09:14:26 INFO [WebLogAspect.java:38] - ************************请求开始*******************************
2018-09-18 09:14:26 INFO [WebLogAspect.java:40] - 请求地址 : http://localhost:13200/getOnlineDevice
2018-09-18 09:14:26 INFO [WebLogAspect.java:42] - 请求方法 : GET
2018-09-18 09:14:26 INFO [WebLogAspect.java:44] - IP : 0:0:0:0:0:0:0:1
2018-09-18 09:14:26 INFO [WebLogAspect.java:56] - ************************请求结束*******************************
2018-09-18 09:14:44 INFO [WebLogAspect.java:38] - ************************请求开始*******************************
2018-09-18 09:14:44 INFO [WebLogAspect.java:40] - 请求地址 : http://localhost:13200/getOnlinePerMonth
2018-09-18 09:14:44 INFO [WebLogAspect.java:42] - 请求方法 : GET
2018-09-18 09:14:44 INFO [WebLogAspect.java:44] - IP : 0:0:0:0:0:0:0:1
2018-09-18 09:14:45 INFO [WebLogAspect.java:56] - ************************请求结束*******************************
2018-09-18 09:14:56 INFO [WebLogAspect.java:38] - ************************请求开始*******************************
2018-09-18 09:14:56 INFO [WebLogAspect.java:40] - 请求地址 : http://localhost:13200/getPrinterStatus
2018-09-18 09:14:56 INFO [WebLogAspect.java:42] - 请求方法 : GET
2018-09-18 09:14:56 INFO [WebLogAspect.java:44] - IP : 0:0:0:0:0:0:0:1
2018-09-18 09:14:56 INFO [WebLogAspect.java:56] - ************************请求结束*******************************
2018-09-18 09:15:10 INFO [WebLogAspect.java:38] - ************************请求开始*******************************
2018-09-18 09:15:10 INFO [WebLogAspect.java:40] - 请求地址 : http://localhost:13200/findOpenidByMonth
2018-09-18 09:15:10 INFO [WebLogAspect.java:42] - 请求方法 : GET
2018-09-18 09:15:10 INFO [WebLogAspect.java:44] - IP : 0:0:0:0:0:0:0:1
2018-09-18 09:15:10 INFO [WebLogAspect.java:56] - ************************请求结束*******************************
2018-09-18 09:15:29 INFO [WebLogAspect.java:38] - ************************请求开始*******************************
2018-09-18 09:15:29 INFO [WebLogAspect.java:40] - 请求地址 : http://localhost:13200/findOpenidByDay
2018-09-18 09:15:29 INFO [WebLogAspect.java:42] - 请求方法 : GET
2018-09-18 09:15:29 INFO [WebLogAspect.java:44] - IP : 0:0:0:0:0:0:0:1
2018-09-18 09:15:29 INFO [WebLogAspect.java:56] - ************************请求结束*******************************
2018-09-18 09:21:39 INFO [WebLogAspect.java:38] - ************************请求开始*******************************
2018-09-18 09:21:39 INFO [WebLogAspect.java:40] - 请求地址 : http://localhost:13200/findOpenidByDay
2018-09-18 09:21:39 INFO [WebLogAspect.java:42] - 请求方法 : GET
2018-09-18 09:21:39 INFO [WebLogAspect.java:44] - IP : 0:0:0:0:0:0:0:1
2018-09-18 09:21:39 INFO [WebLogAspect.java:55] - 响应结果 : {data=[com.dascom.operation.entity.OperationOpenidStatistics@7670626d, com.dascom.operation.entity.OperationOpenidStatistics@434e35cf, com.dascom.operation.entity.OperationOpenidStatistics@79a8022e, com.dascom.operation.entity.OperationOpenidStatistics@728913e, com.dascom.operation.entity.OperationOpenidStatistics@723ef8bc, com.dascom.operation.entity.OperationOpenidStatistics@406c5b79, com.dascom.operation.entity.OperationOpenidStatistics@79ec8828, com.dascom.operation.entity.OperationOpenidStatistics@3a0e574a, com.dascom.operation.entity.OperationOpenidStatistics@3f70a3af, com.dascom.operation.entity.OperationOpenidStatistics@1d6580ab, com.dascom.operation.entity.OperationOpenidStatistics@55f6e7], totalPage=2}
2018-09-18 09:21:39 INFO [WebLogAspect.java:56] - ************************请求结束*******************************
2018-09-18 09:34:00 INFO [WebLogAspect.java:38] - ************************请求开始*******************************
2018-09-18 09:34:00 INFO [WebLogAspect.java:40] - 请求地址 : http://localhost:13200/findOpenidByDay
2018-09-18 09:34:00 INFO [WebLogAspect.java:42] - 请求方法 : GET
2018-09-18 09:34:00 INFO [WebLogAspect.java:44] - IP : 0:0:0:0:0:0:0:1
2018-09-18 09:34:01 INFO [WebLogAspect.java:56] - ************************请求结束*******************************
2018-09-18 09:34:21 INFO [WebLogAspect.java:38] - ************************请求开始*******************************
2018-09-18 09:34:21 INFO [WebLogAspect.java:40] - 请求地址 : http://localhost:13200/findOpenidByDay
2018-09-18 09:34:21 INFO [WebLogAspect.java:42] - 请求方法 : GET
2018-09-18 09:34:21 INFO [WebLogAspect.java:44] - IP : 0:0:0:0:0:0:0:1
2018-09-18 09:34:21 INFO [WebLogAspect.java:56] - ************************请求结束*******************************
2018-09-18 09:34:56 INFO [WebLogAspect.java:38] - ************************请求开始*******************************
2018-09-18 09:34:56 INFO [WebLogAspect.java:40] - 请求地址 : http://localhost:13200/getInterfaceData
2018-09-18 09:34:56 INFO [WebLogAspect.java:42] - 请求方法 : GET
2018-09-18 09:34:56 INFO [WebLogAspect.java:44] - IP : 0:0:0:0:0:0:0:1
2018-09-18 09:34:56 INFO [OperationController.java:81] - ------从redis中读取数据！------
2018-09-18 09:34:56 INFO [OperationController.java:103] - 总耗时：616
2018-09-18 09:34:56 INFO [WebLogAspect.java:56] - ************************请求结束*******************************
2018-09-18 09:39:39 INFO [WebLogAspect.java:38] - ************************请求开始*******************************
2018-09-18 09:39:39 INFO [WebLogAspect.java:40] - 请求地址 : http://localhost:13200/getInterfaceData
2018-09-18 09:39:39 INFO [WebLogAspect.java:42] - 请求方法 : GET
2018-09-18 09:39:39 INFO [WebLogAspect.java:44] - IP : 0:0:0:0:0:0:0:1
2018-09-18 09:39:39 INFO [OperationController.java:81] - ------从redis中读取数据！------
2018-09-18 09:39:39 INFO [OperationController.java:103] - 总耗时：222
2018-09-18 09:39:39 INFO [WebLogAspect.java:56] - ************************请求结束*******************************
2018-09-18 09:39:51 INFO [WebLogAspect.java:38] - ************************请求开始*******************************
2018-09-18 09:39:51 INFO [WebLogAspect.java:40] - 请求地址 : http://localhost:13200/getPrinterStatus
2018-09-18 09:39:51 INFO [WebLogAspect.java:42] - 请求方法 : GET
2018-09-18 09:39:51 INFO [WebLogAspect.java:44] - IP : 0:0:0:0:0:0:0:1
2018-09-18 09:39:51 INFO [WebLogAspect.java:56] - ************************请求结束*******************************
2018-09-18 09:40:34 INFO [WebLogAspect.java:38] - ************************请求开始*******************************
2018-09-18 09:40:34 INFO [WebLogAspect.java:40] - 请求地址 : http://localhost:13200/getPrinterStatus
2018-09-18 09:40:34 INFO [WebLogAspect.java:42] - 请求方法 : GET
2018-09-18 09:40:34 INFO [WebLogAspect.java:44] - IP : 0:0:0:0:0:0:0:1
2018-09-18 09:40:34 INFO [WebLogAspect.java:56] - ************************请求结束*******************************
2018-09-18 09:43:13 INFO [WebLogAspect.java:38] - ************************请求开始*******************************
2018-09-18 09:43:13 INFO [WebLogAspect.java:40] - 请求地址 : http://localhost:13200/getPrinterStatus
2018-09-18 09:43:13 INFO [WebLogAspect.java:42] - 请求方法 : GET
2018-09-18 09:43:13 INFO [WebLogAspect.java:44] - IP : 0:0:0:0:0:0:0:1
2018-09-18 09:43:14 INFO [WebLogAspect.java:56] - ************************请求结束*******************************
2018-09-18 09:43:46 INFO [WebLogAspect.java:38] - ************************请求开始*******************************
2018-09-18 09:43:46 INFO [WebLogAspect.java:40] - 请求地址 : http://localhost:13200/getPrinterStatus
2018-09-18 09:43:46 INFO [WebLogAspect.java:42] - 请求方法 : GET
2018-09-18 09:43:46 INFO [WebLogAspect.java:44] - IP : 0:0:0:0:0:0:0:1
2018-09-18 09:44:23 INFO [WebLogAspect.java:38] - ************************请求开始*******************************
2018-09-18 09:44:23 INFO [WebLogAspect.java:40] - 请求地址 : http://localhost:13200/getPrinterStatus
2018-09-18 09:44:23 INFO [WebLogAspect.java:42] - 请求方法 : GET
2018-09-18 09:44:23 INFO [WebLogAspect.java:44] - IP : 0:0:0:0:0:0:0:1
2018-09-18 09:44:23 INFO [WebLogAspect.java:56] - ************************请求结束*******************************
2018-09-18 09:47:13 INFO [WebLogAspect.java:38] - ************************请求开始*******************************
2018-09-18 09:47:13 INFO [WebLogAspect.java:40] - 请求地址 : http://localhost:13200/getPrinterStatus
2018-09-18 09:47:13 INFO [WebLogAspect.java:42] - 请求方法 : GET
2018-09-18 09:47:13 INFO [WebLogAspect.java:44] - IP : 0:0:0:0:0:0:0:1
2018-09-18 09:47:14 INFO [WebLogAspect.java:56] - ************************请求结束*******************************
2018-09-18 09:59:04 INFO [WebLogAspect.java:38] - ************************请求开始*******************************
2018-09-18 09:59:04 INFO [WebLogAspect.java:40] - 请求地址 : http://localhost:13200/getPrinterStatus
2018-09-18 09:59:04 INFO [WebLogAspect.java:42] - 请求方法 : GET
2018-09-18 09:59:04 INFO [WebLogAspect.java:44] - IP : 0:0:0:0:0:0:0:1
