2018-09-19 09:12:56 INFO [WebLogAspect.java:38] - ************************请求开始*******************************
2018-09-19 09:12:57 INFO [WebLogAspect.java:40] - 请求地址 : http://localhost:13200/getOnlineDevice
2018-09-19 09:12:57 INFO [WebLogAspect.java:42] - 请求方法 : GET
2018-09-19 09:12:57 INFO [WebLogAspect.java:44] - IP : 0:0:0:0:0:0:0:1
2018-09-19 09:12:58 INFO [WebLogAspect.java:56] - ************************请求结束*******************************
2018-09-19 09:13:17 INFO [WebLogAspect.java:38] - ************************请求开始*******************************
2018-09-19 09:13:17 INFO [WebLogAspect.java:40] - 请求地址 : http://localhost:13200/getPrinterStatus
2018-09-19 09:13:17 INFO [WebLogAspect.java:42] - 请求方法 : GET
2018-09-19 09:13:17 INFO [WebLogAspect.java:44] - IP : 0:0:0:0:0:0:0:1
2018-09-19 09:13:37 INFO [WebLogAspect.java:38] - ************************请求开始*******************************
2018-09-19 09:13:37 INFO [WebLogAspect.java:40] - 请求地址 : http://localhost:13200/getOnlinePerMonth
2018-09-19 09:13:37 INFO [WebLogAspect.java:42] - 请求方法 : GET
2018-09-19 09:13:37 INFO [WebLogAspect.java:44] - IP : 0:0:0:0:0:0:0:1
2018-09-19 09:13:37 INFO [WebLogAspect.java:56] - ************************请求结束*******************************
2018-09-19 09:14:00 INFO [WebLogAspect.java:38] - ************************请求开始*******************************
2018-09-19 09:14:00 INFO [WebLogAspect.java:40] - 请求地址 : http://localhost:13200/getOnlineDevice
2018-09-19 09:14:00 INFO [WebLogAspect.java:42] - 请求方法 : GET
2018-09-19 09:14:00 INFO [WebLogAspect.java:44] - IP : 0:0:0:0:0:0:0:1
2018-09-19 09:14:00 INFO [WebLogAspect.java:56] - ************************请求结束*******************************
2018-09-19 09:28:09 INFO [WebLogAspect.java:38] - ************************请求开始*******************************
2018-09-19 09:28:09 INFO [WebLogAspect.java:40] - 请求地址 : http://localhost:13200/findOpenidByDay
2018-09-19 09:28:09 INFO [WebLogAspect.java:42] - 请求方法 : GET
2018-09-19 09:28:09 INFO [WebLogAspect.java:44] - IP : 0:0:0:0:0:0:0:1
2018-09-19 09:28:09 INFO [WebLogAspect.java:56] - ************************请求结束*******************************
2018-09-19 09:28:40 INFO [WebLogAspect.java:38] - ************************请求开始*******************************
2018-09-19 09:28:40 INFO [WebLogAspect.java:40] - 请求地址 : http://localhost:13200/findOpenidByDay
2018-09-19 09:28:40 INFO [WebLogAspect.java:42] - 请求方法 : GET
2018-09-19 09:28:40 INFO [WebLogAspect.java:44] - IP : 0:0:0:0:0:0:0:1
2018-09-19 09:28:40 INFO [WebLogAspect.java:56] - ************************请求结束*******************************
2018-09-19 09:35:02 INFO [WebLogAspect.java:38] - ************************请求开始*******************************
2018-09-19 09:35:02 INFO [WebLogAspect.java:40] - 请求地址 : http://localhost:13200/findOpenidByDay
2018-09-19 09:35:02 INFO [WebLogAspect.java:42] - 请求方法 : GET
2018-09-19 09:35:02 INFO [WebLogAspect.java:44] - IP : 0:0:0:0:0:0:0:1
2018-09-19 09:35:02 INFO [WebLogAspect.java:56] - ************************请求结束*******************************
2018-09-19 09:39:50 INFO [WebLogAspect.java:38] - ************************请求开始*******************************
2018-09-19 09:39:50 INFO [WebLogAspect.java:40] - 请求地址 : http://localhost:13200/findOpenidByDay
2018-09-19 09:39:50 INFO [WebLogAspect.java:42] - 请求方法 : GET
2018-09-19 09:39:50 INFO [WebLogAspect.java:44] - IP : 0:0:0:0:0:0:0:1
2018-09-19 09:39:50 INFO [WebLogAspect.java:56] - ************************请求结束*******************************
2018-09-19 09:42:36 INFO [WebLogAspect.java:38] - ************************请求开始*******************************
2018-09-19 09:42:36 INFO [WebLogAspect.java:40] - 请求地址 : http://localhost:13200/getInterfaceData
2018-09-19 09:42:36 INFO [WebLogAspect.java:42] - 请求方法 : GET
2018-09-19 09:42:36 INFO [WebLogAspect.java:44] - IP : 0:0:0:0:0:0:0:1
2018-09-19 09:43:04 INFO [WebLogAspect.java:38] - ************************请求开始*******************************
2018-09-19 09:43:04 INFO [WebLogAspect.java:40] - 请求地址 : http://localhost:13200/getInterfaceData
2018-09-19 09:43:04 INFO [WebLogAspect.java:42] - 请求方法 : GET
2018-09-19 09:43:04 INFO [WebLogAspect.java:44] - IP : 0:0:0:0:0:0:0:1
2018-09-19 09:43:46 INFO [WebLogAspect.java:38] - ************************请求开始*******************************
2018-09-19 09:43:46 INFO [WebLogAspect.java:40] - 请求地址 : http://localhost:13200/getInterfaceData
2018-09-19 09:43:46 INFO [WebLogAspect.java:42] - 请求方法 : GET
2018-09-19 09:43:46 INFO [WebLogAspect.java:44] - IP : 0:0:0:0:0:0:0:1
2018-09-19 09:43:46 INFO [OperationController.java:58] - ------从mongodb中读取数据------
2018-09-19 09:43:46 INFO [OperationController.java:61] - ------redis没有数据，从mongodb中导入------
2018-09-19 09:43:46 INFO [OperationController.java:79] - ------存入redis成功------
2018-09-19 09:43:46 INFO [OperationController.java:103] - 总耗时：822
2018-09-19 09:43:46 INFO [WebLogAspect.java:56] - ************************请求结束*******************************
2018-09-19 09:44:11 INFO [WebLogAspect.java:38] - ************************请求开始*******************************
2018-09-19 09:44:11 INFO [WebLogAspect.java:40] - 请求地址 : http://localhost:13200/getInterfaceData
2018-09-19 09:44:11 INFO [WebLogAspect.java:42] - 请求方法 : GET
2018-09-19 09:44:11 INFO [WebLogAspect.java:44] - IP : 0:0:0:0:0:0:0:1
2018-09-19 09:44:11 INFO [OperationController.java:81] - ------从redis中读取数据！------
2018-09-19 09:44:11 INFO [OperationController.java:103] - 总耗时：142
2018-09-19 09:44:11 INFO [WebLogAspect.java:56] - ************************请求结束*******************************
2018-09-19 09:46:55 INFO [WebLogAspect.java:38] - ************************请求开始*******************************
2018-09-19 09:46:55 INFO [WebLogAspect.java:40] - 请求地址 : http://localhost:13200/getActiveDevice
2018-09-19 09:46:55 INFO [WebLogAspect.java:42] - 请求方法 : GET
2018-09-19 09:46:55 INFO [WebLogAspect.java:44] - IP : 0:0:0:0:0:0:0:1
2018-09-19 09:46:56 INFO [WebLogAspect.java:56] - ************************请求结束*******************************
2018-09-19 09:47:50 INFO [WebLogAspect.java:38] - ************************请求开始*******************************
2018-09-19 09:47:50 INFO [WebLogAspect.java:40] - 请求地址 : http://localhost:13200/getActiveDevice
2018-09-19 09:47:50 INFO [WebLogAspect.java:42] - 请求方法 : GET
2018-09-19 09:47:50 INFO [WebLogAspect.java:44] - IP : 0:0:0:0:0:0:0:1
2018-09-19 09:47:50 INFO [WebLogAspect.java:48] - 参数:time,值:0.5
2018-09-19 09:47:50 INFO [WebLogAspect.java:56] - ************************请求结束*******************************
2018-09-19 09:47:59 INFO [WebLogAspect.java:38] - ************************请求开始*******************************
2018-09-19 09:47:59 INFO [WebLogAspect.java:40] - 请求地址 : http://localhost:13200/getActiveDevice
2018-09-19 09:47:59 INFO [WebLogAspect.java:42] - 请求方法 : GET
2018-09-19 09:47:59 INFO [WebLogAspect.java:44] - IP : 0:0:0:0:0:0:0:1
2018-09-19 09:47:59 INFO [WebLogAspect.java:48] - 参数:time,值:3
2018-09-19 09:47:59 INFO [WebLogAspect.java:56] - ************************请求结束*******************************
2018-09-19 09:52:49 INFO [WebLogAspect.java:38] - ************************请求开始*******************************
2018-09-19 09:52:49 INFO [WebLogAspect.java:40] - 请求地址 : http://localhost:13200/getOnlineDevice
2018-09-19 09:52:49 INFO [WebLogAspect.java:42] - 请求方法 : GET
2018-09-19 09:52:49 INFO [WebLogAspect.java:44] - IP : 0:0:0:0:0:0:0:1
2018-09-19 09:52:49 INFO [WebLogAspect.java:56] - ************************请求结束*******************************
