2018-09-07 10:06:31 INFO [RedisConfig.java:57] - ------JedisPool注入成功！------
2018-09-07 10:06:31 INFO [RedisConfig.java:58] - ------redis地址:127.0.0.1:6379------
2018-09-07 10:06:45 INFO [RedisConfig.java:57] - ------JedisPool注入成功！------
2018-09-07 10:06:45 INFO [RedisConfig.java:58] - ------redis地址:127.0.0.1:6379------
2018-09-07 10:08:00 INFO [RedisConfig.java:57] - ------JedisPool注入成功！------
2018-09-07 10:08:00 INFO [RedisConfig.java:58] - ------redis地址:127.0.0.1:6379------
2018-09-07 10:09:08 INFO [WebLogAspect.java:38] - ************************请求开始*******************************
2018-09-07 10:09:08 INFO [WebLogAspect.java:40] - 请求地址 : http://localhost:13200/getInterfaceData
2018-09-07 10:09:08 INFO [WebLogAspect.java:42] - 请求方法 : GET
2018-09-07 10:09:08 INFO [WebLogAspect.java:44] - IP : 0:0:0:0:0:0:0:1
2018-09-07 10:09:08 INFO [OperationController.java:64] - ------从mongodb中读取数据------
2018-09-07 10:09:08 INFO [OperationController.java:67] - ------redis没有数据，从mongodb中导入------
2018-09-07 10:09:09 INFO [OperationController.java:77] - ----接口报错：发送邮箱报警----
2018-09-07 10:09:09 INFO [OperationController.java:78] - ----接口请求地址----https://test.dascomyun.cn/autoservice_user/v1.0/common/session
2018-09-07 10:09:09 INFO [HttpClientUtils.java:281] - ----邮件已发送----
2018-09-07 10:09:09 INFO [OperationController.java:82] - ----接口报错：发送钉钉报警----
2018-09-07 10:09:09 INFO [OperationController.java:83] - ----接口请求地址----https://test.dascomyun.cn/autoservice_user/v1.0/common/session
2018-09-07 10:09:09 INFO [OperationController.java:92] - ------存入redis成功------
2018-09-07 10:09:09 INFO [OperationController.java:123] - 总耗时：1202
2018-09-07 10:09:09 INFO [WebLogAspect.java:56] - ************************请求结束*******************************
2018-09-07 10:09:23 INFO [WebLogAspect.java:38] - ************************请求开始*******************************
2018-09-07 10:09:23 INFO [WebLogAspect.java:40] - 请求地址 : http://localhost:13200/getInterfaceData
2018-09-07 10:09:23 INFO [WebLogAspect.java:42] - 请求方法 : GET
2018-09-07 10:09:23 INFO [WebLogAspect.java:44] - IP : 0:0:0:0:0:0:0:1
2018-09-07 10:09:23 INFO [OperationController.java:94] - ------从redis中读取数据！------
2018-09-07 10:09:23 INFO [OperationController.java:106] - ----接口报错：发送邮箱报警----
2018-09-07 10:09:23 INFO [OperationController.java:107] - ----接口请求地址----https://test.dascomyun.cn/autoservice_user/v1.0/common/session
2018-09-07 10:09:23 INFO [HttpClientUtils.java:281] - ----邮件已发送----
2018-09-07 10:09:23 INFO [OperationController.java:110] - ----接口报错：发送钉钉报警----
2018-09-07 10:09:23 INFO [OperationController.java:111] - ----接口请求地址----https://test.dascomyun.cn/autoservice_user/v1.0/common/session
2018-09-07 10:09:23 INFO [OperationController.java:123] - 总耗时：298
2018-09-07 10:09:23 INFO [WebLogAspect.java:56] - ************************请求结束*******************************
2018-09-07 10:13:10 INFO [RedisConfig.java:57] - ------JedisPool注入成功！------
2018-09-07 10:13:10 INFO [RedisConfig.java:58] - ------redis地址:127.0.0.1:6379------
2018-09-07 10:13:25 INFO [WebLogAspect.java:38] - ************************请求开始*******************************
2018-09-07 10:13:25 INFO [WebLogAspect.java:40] - 请求地址 : http://localhost:13200/getInterfaceData
2018-09-07 10:13:25 INFO [WebLogAspect.java:42] - 请求方法 : GET
2018-09-07 10:13:25 INFO [WebLogAspect.java:44] - IP : 0:0:0:0:0:0:0:1
2018-09-07 10:13:25 INFO [OperationController.java:94] - ------从redis中读取数据！------
2018-09-07 10:13:25 INFO [OperationController.java:106] - ----接口报错：发送邮箱报警----
2018-09-07 10:13:25 INFO [OperationController.java:107] - ----接口请求地址----https://test.dascomyun.cn/autoservice_user/v1.0/common/session
2018-09-07 10:13:25 INFO [HttpClientUtils.java:281] - ----邮件已发送----
2018-09-07 10:13:25 INFO [OperationController.java:110] - ----接口报错：发送钉钉报警----
2018-09-07 10:13:25 INFO [OperationController.java:111] - ----接口请求地址----https://test.dascomyun.cn/autoservice_user/v1.0/common/session
2018-09-07 10:13:25 INFO [OperationController.java:123] - 总耗时：263
2018-09-07 10:13:25 INFO [WebLogAspect.java:56] - ************************请求结束*******************************
2018-09-07 10:13:41 INFO [WebLogAspect.java:38] - ************************请求开始*******************************
2018-09-07 10:13:41 INFO [WebLogAspect.java:40] - 请求地址 : http://localhost:13200/getInterfaceData
2018-09-07 10:13:41 INFO [WebLogAspect.java:42] - 请求方法 : GET
2018-09-07 10:13:41 INFO [WebLogAspect.java:44] - IP : 0:0:0:0:0:0:0:1
2018-09-07 10:13:41 INFO [OperationController.java:64] - ------从mongodb中读取数据------
2018-09-07 10:13:41 INFO [OperationController.java:67] - ------redis没有数据，从mongodb中导入------
2018-09-07 10:13:41 INFO [OperationController.java:77] - ----接口报错：发送邮箱报警----
2018-09-07 10:13:41 INFO [OperationController.java:78] - ----接口请求地址----https://test.dascomyun.cn/autoservice_user/v1.0/common/session
2018-09-07 10:13:41 INFO [HttpClientUtils.java:281] - ----邮件已发送----
2018-09-07 10:13:41 INFO [OperationController.java:82] - ----接口报错：发送钉钉报警----
2018-09-07 10:13:41 INFO [OperationController.java:83] - ----接口请求地址----https://test.dascomyun.cn/autoservice_user/v1.0/common/session
2018-09-07 10:13:41 INFO [OperationController.java:92] - ------存入redis成功------
2018-09-07 10:13:41 INFO [OperationController.java:123] - 总耗时：402
2018-09-07 10:13:41 INFO [WebLogAspect.java:56] - ************************请求结束*******************************
2018-09-07 10:15:23 INFO [RedisConfig.java:57] - ------JedisPool注入成功！------
2018-09-07 10:15:23 INFO [RedisConfig.java:58] - ------redis地址:118.126.91.157:6379------
2018-09-07 10:18:02 INFO [WebLogAspect.java:38] - ************************请求开始*******************************
2018-09-07 10:18:02 INFO [WebLogAspect.java:40] - 请求地址 : http://localhost:13200/getInterfaceData
2018-09-07 10:18:02 INFO [WebLogAspect.java:42] - 请求方法 : GET
2018-09-07 10:18:02 INFO [WebLogAspect.java:44] - IP : 0:0:0:0:0:0:0:1
2018-09-07 10:18:32 INFO [RedisConfig.java:65] - ------JedisPool注入成功！------
2018-09-07 10:18:32 INFO [RedisConfig.java:66] - ------redis地址:118.126.91.157:6379------
2018-09-07 10:18:55 INFO [RedisConfig.java:65] - ------JedisPool注入成功！------
2018-09-07 10:18:55 INFO [RedisConfig.java:66] - ------redis地址:118.126.91.157:6379------
2018-09-07 10:19:14 INFO [WebLogAspect.java:38] - ************************请求开始*******************************
2018-09-07 10:19:14 INFO [WebLogAspect.java:40] - 请求地址 : http://localhost:13200/getInterfaceData
2018-09-07 10:19:14 INFO [WebLogAspect.java:42] - 请求方法 : GET
2018-09-07 10:19:14 INFO [WebLogAspect.java:44] - IP : 0:0:0:0:0:0:0:1
2018-09-07 10:21:24 INFO [RedisConfig.java:65] - ------JedisPool注入成功！------
2018-09-07 10:21:24 INFO [RedisConfig.java:66] - ------redis地址:127.0.0.1:6379------
2018-09-07 10:21:33 INFO [WebLogAspect.java:38] - ************************请求开始*******************************
2018-09-07 10:21:33 INFO [WebLogAspect.java:40] - 请求地址 : http://localhost:13200/getInterfaceData
2018-09-07 10:21:33 INFO [WebLogAspect.java:42] - 请求方法 : GET
2018-09-07 10:21:33 INFO [WebLogAspect.java:44] - IP : 0:0:0:0:0:0:0:1
2018-09-07 10:21:33 INFO [OperationController.java:94] - ------从redis中读取数据！------
2018-09-07 10:21:34 INFO [OperationController.java:106] - ----接口报错：发送邮箱报警----
2018-09-07 10:21:34 INFO [OperationController.java:107] - ----接口请求地址----https://test.dascomyun.cn/autoservice_user/v1.0/common/session
2018-09-07 10:21:34 INFO [HttpClientUtils.java:281] - ----邮件已发送----
2018-09-07 10:21:34 INFO [OperationController.java:110] - ----接口报错：发送钉钉报警----
2018-09-07 10:21:34 INFO [OperationController.java:111] - ----接口请求地址----https://test.dascomyun.cn/autoservice_user/v1.0/common/session
2018-09-07 10:21:34 INFO [OperationController.java:123] - 总耗时：354
2018-09-07 10:21:34 INFO [WebLogAspect.java:56] - ************************请求结束*******************************
2018-09-07 10:22:41 INFO [RedisConfig.java:65] - ------JedisPool注入成功！------
2018-09-07 10:22:41 INFO [RedisConfig.java:66] - ------redis地址:118.126.91.157:6379------
2018-09-07 10:23:00 INFO [WebLogAspect.java:38] - ************************请求开始*******************************
2018-09-07 10:23:00 INFO [WebLogAspect.java:40] - 请求地址 : http://localhost:13200/getInterfaceData
2018-09-07 10:23:00 INFO [WebLogAspect.java:42] - 请求方法 : GET
2018-09-07 10:23:00 INFO [WebLogAspect.java:44] - IP : 0:0:0:0:0:0:0:1
2018-09-07 10:24:05 INFO [RedisConfig.java:65] - ------JedisPool注入成功！------
2018-09-07 10:24:05 INFO [RedisConfig.java:66] - ------redis地址:118.126.91.157:6379------
2018-09-07 10:24:15 INFO [WebLogAspect.java:38] - ************************请求开始*******************************
2018-09-07 10:24:15 INFO [WebLogAspect.java:40] - 请求地址 : http://localhost:13200/getInterfaceData
2018-09-07 10:24:15 INFO [WebLogAspect.java:42] - 请求方法 : GET
2018-09-07 10:24:15 INFO [WebLogAspect.java:44] - IP : 0:0:0:0:0:0:0:1
2018-09-07 10:52:51 INFO [WebLogAspect.java:38] - ************************请求开始*******************************
2018-09-07 10:52:51 INFO [WebLogAspect.java:40] - 请求地址 : http://localhost:13200/getInterfaceData
2018-09-07 10:52:51 INFO [WebLogAspect.java:42] - 请求方法 : GET
2018-09-07 10:52:51 INFO [WebLogAspect.java:44] - IP : 0:0:0:0:0:0:0:1
