2018-09-12 14:00:06 INFO [WebLogAspect.java:38] - ************************请求开始*******************************
2018-09-12 14:00:06 INFO [WebLogAspect.java:40] - 请求地址 : http://localhost:13200/getInterfaceData
2018-09-12 14:00:06 INFO [WebLogAspect.java:42] - 请求方法 : GET
2018-09-12 14:00:06 INFO [WebLogAspect.java:44] - IP : 0:0:0:0:0:0:0:1
2018-09-12 14:00:07 INFO [OperationController.java:64] - ------从mongodb中读取数据------
2018-09-12 14:00:07 INFO [OperationController.java:67] - ------redis没有数据，从mongodb中导入------
2018-09-12 14:00:07 INFO [OperationController.java:77] - ----接口报错：发送邮箱报警----
2018-09-12 14:00:07 INFO [OperationController.java:78] - ----接口请求地址----https://test.dascomyun.cn/autoservice_user/v1.0/common/session
2018-09-12 14:00:07 INFO [OperationController.java:82] - ----接口报错：发送钉钉报警----
2018-09-12 14:00:07 INFO [OperationController.java:85] - ------存入redis成功------
2018-09-12 14:00:07 INFO [OperationController.java:109] - 总耗时：342
2018-09-12 14:00:07 INFO [WebLogAspect.java:56] - ************************请求结束*******************************
2018-09-12 14:19:29 INFO [WebLogAspect.java:38] - ************************请求开始*******************************
2018-09-12 14:19:29 INFO [WebLogAspect.java:40] - 请求地址 : http://localhost:13200/getPrinterStatus
2018-09-12 14:19:29 INFO [WebLogAspect.java:42] - 请求方法 : GET
2018-09-12 14:19:29 INFO [WebLogAspect.java:44] - IP : 0:0:0:0:0:0:0:1
2018-09-12 14:19:29 INFO [WebLogAspect.java:56] - ************************请求结束*******************************
2018-09-12 14:23:16 INFO [WebLogAspect.java:38] - ************************请求开始*******************************
2018-09-12 14:23:16 INFO [WebLogAspect.java:40] - 请求地址 : http://localhost:13200/getPrinterStatus
2018-09-12 14:23:16 INFO [WebLogAspect.java:42] - 请求方法 : GET
2018-09-12 14:23:16 INFO [WebLogAspect.java:44] - IP : 0:0:0:0:0:0:0:1
2018-09-12 14:23:16 INFO [WebLogAspect.java:56] - ************************请求结束*******************************
2018-09-12 14:38:19 INFO [WebLogAspect.java:38] - ************************请求开始*******************************
2018-09-12 14:38:19 INFO [WebLogAspect.java:40] - 请求地址 : http://localhost:13200/getPrinterStatus
2018-09-12 14:38:19 INFO [WebLogAspect.java:42] - 请求方法 : GET
2018-09-12 14:38:19 INFO [WebLogAspect.java:44] - IP : 0:0:0:0:0:0:0:1
2018-09-12 14:38:19 INFO [WebLogAspect.java:56] - ************************请求结束*******************************
2018-09-12 14:40:57 INFO [WebLogAspect.java:38] - ************************请求开始*******************************
2018-09-12 14:40:57 INFO [WebLogAspect.java:40] - 请求地址 : http://localhost:13200/getPrinterStatus
2018-09-12 14:40:57 INFO [WebLogAspect.java:42] - 请求方法 : GET
2018-09-12 14:40:57 INFO [WebLogAspect.java:44] - IP : 0:0:0:0:0:0:0:1
2018-09-12 14:40:57 INFO [WebLogAspect.java:56] - ************************请求结束*******************************
2018-09-12 14:43:52 INFO [WebLogAspect.java:38] - ************************请求开始*******************************
2018-09-12 14:43:52 INFO [WebLogAspect.java:40] - 请求地址 : http://localhost:13200/getPrinterStatus
2018-09-12 14:43:52 INFO [WebLogAspect.java:42] - 请求方法 : GET
2018-09-12 14:43:52 INFO [WebLogAspect.java:44] - IP : 0:0:0:0:0:0:0:1
2018-09-12 14:43:52 INFO [WebLogAspect.java:56] - ************************请求结束*******************************
2018-09-12 14:44:13 INFO [WebLogAspect.java:38] - ************************请求开始*******************************
2018-09-12 14:44:13 INFO [WebLogAspect.java:40] - 请求地址 : http://localhost:13200/getPrinterStatus
2018-09-12 14:44:13 INFO [WebLogAspect.java:42] - 请求方法 : GET
2018-09-12 14:44:13 INFO [WebLogAspect.java:44] - IP : 0:0:0:0:0:0:0:1
2018-09-12 14:44:13 INFO [WebLogAspect.java:56] - ************************请求结束*******************************
2018-09-12 14:46:07 INFO [WebLogAspect.java:38] - ************************请求开始*******************************
2018-09-12 14:46:07 INFO [WebLogAspect.java:40] - 请求地址 : http://localhost:13200/getPrinterStatus
2018-09-12 14:46:07 INFO [WebLogAspect.java:42] - 请求方法 : GET
2018-09-12 14:46:07 INFO [WebLogAspect.java:44] - IP : 0:0:0:0:0:0:0:1
2018-09-12 14:46:07 INFO [WebLogAspect.java:56] - ************************请求结束*******************************
